{"/home/crawd_user/project/ui-etl-tool/src/backend/config/prisma.ts": {"path":"/home/crawd_user/project/ui-etl-tool/src/backend/config/prisma.ts","statementMap":{"0":{"start":{"line":3,"column":24},"end":{"line":3,"column":null}},"1":{"start":{"line":6,"column":2},"end":{"line":9,"column":4}},"2":{"start":{"line":11,"column":0},"end":{"line":11,"column":null}},"3":{"start":{"line":11,"column":43},"end":{"line":11,"column":null}}},"fnMap":{},"branchMap":{"0":{"loc":{"start":{"line":6,"column":2},"end":{"line":9,"column":4}},"type":"binary-expr","locations":[{"start":{"line":6,"column":2},"end":{"line":6,"column":null}},{"start":{"line":7,"column":2},"end":{"line":9,"column":4}}],"line":6},"1":{"loc":{"start":{"line":8,"column":4},"end":{"line":8,"column":79}},"type":"cond-expr","locations":[{"start":{"line":8,"column":50},"end":{"line":8,"column":67}},{"start":{"line":8,"column":70},"end":{"line":8,"column":79}}],"line":8},"2":{"loc":{"start":{"line":11,"column":0},"end":{"line":11,"column":null}},"type":"if","locations":[{"start":{"line":11,"column":0},"end":{"line":11,"column":null}},{"start":{},"end":{}}],"line":11}},"s":{"0":0,"1":0,"2":0,"3":0},"f":{},"b":{"0":[0,0],"1":[0,0],"2":[0,0]},"meta":{"lastBranch":3,"lastFunction":0,"lastStatement":4,"seen":{"s:3:24:3:Infinity":0,"s:6:2:9:4":1,"b:6:2:6:Infinity:7:2:9:4":0,"b:8:50:8:67:8:70:8:79":1,"b:11:0:11:Infinity:undefined:undefined:undefined:undefined":2,"s:11:0:11:Infinity":2,"s:11:43:11:Infinity":3}}}
,"/home/crawd_user/project/ui-etl-tool/src/backend/middleware/auth.ts": {"path":"/home/crawd_user/project/ui-etl-tool/src/backend/middleware/auth.ts","statementMap":{"0":{"start":{"line":9,"column":13},"end":{"line":23,"column":null}},"1":{"start":{"line":10,"column":21},"end":{"line":10,"column":null}},"2":{"start":{"line":11,"column":2},"end":{"line":13,"column":null}},"3":{"start":{"line":12,"column":4},"end":{"line":12,"column":null}},"4":{"start":{"line":13,"column":4},"end":{"line":13,"column":null}},"5":{"start":{"line":16,"column":16},"end":{"line":16,"column":null}},"6":{"start":{"line":17,"column":2},"end":{"line":23,"column":null}},"7":{"start":{"line":18,"column":20},"end":{"line":18,"column":62}},"8":{"start":{"line":19,"column":4},"end":{"line":19,"column":null}},"9":{"start":{"line":20,"column":4},"end":{"line":20,"column":null}},"10":{"start":{"line":21,"column":4},"end":{"line":21,"column":null}},"11":{"start":{"line":23,"column":4},"end":{"line":23,"column":null}}},"fnMap":{"0":{"name":"(anonymous_0)","decl":{"start":{"line":9,"column":13},"end":{"line":9,"column":29}},"loc":{"start":{"line":9,"column":91},"end":{"line":23,"column":null}},"line":9}},"branchMap":{"0":{"loc":{"start":{"line":11,"column":2},"end":{"line":13,"column":null}},"type":"if","locations":[{"start":{"line":11,"column":2},"end":{"line":13,"column":null}},{"start":{},"end":{}}],"line":11}},"s":{"0":0,"1":0,"2":0,"3":0,"4":0,"5":0,"6":0,"7":0,"8":0,"9":0,"10":0,"11":0},"f":{"0":0},"b":{"0":[0,0]},"meta":{"lastBranch":1,"lastFunction":1,"lastStatement":12,"seen":{"s:9:13:23:Infinity":0,"f:9:13:9:29":0,"s:10:21:10:Infinity":1,"b:11:2:13:Infinity:undefined:undefined:undefined:undefined":0,"s:11:2:13:Infinity":2,"s:12:4:12:Infinity":3,"s:13:4:13:Infinity":4,"s:16:16:16:Infinity":5,"s:17:2:23:Infinity":6,"s:18:20:18:62":7,"s:19:4:19:Infinity":8,"s:20:4:20:Infinity":9,"s:21:4:21:Infinity":10,"s:23:4:23:Infinity":11}}}
,"/home/crawd_user/project/ui-etl-tool/src/backend/routes/activity.ts": {"path":"/home/crawd_user/project/ui-etl-tool/src/backend/routes/activity.ts","statementMap":{"0":{"start":{"line":5,"column":15},"end":{"line":5,"column":33}},"1":{"start":{"line":6,"column":6},"end":{"line":6,"column":23}},"2":{"start":{"line":9,"column":0},"end":{"line":30,"column":null}},"3":{"start":{"line":10,"column":2},"end":{"line":28,"column":null}},"4":{"start":{"line":11,"column":18},"end":{"line":11,"column":74}},"5":{"start":{"line":12,"column":19},"end":{"line":12,"column":60}},"6":{"start":{"line":14,"column":17},"end":{"line":19,"column":6}},"7":{"start":{"line":21,"column":18},"end":{"line":23,"column":6}},"8":{"start":{"line":25,"column":4},"end":{"line":25,"column":null}},"9":{"start":{"line":27,"column":4},"end":{"line":27,"column":null}},"10":{"start":{"line":28,"column":4},"end":{"line":28,"column":null}}},"fnMap":{"0":{"name":"(anonymous_0)","decl":{"start":{"line":9,"column":30},"end":{"line":9,"column":37}},"loc":{"start":{"line":9,"column":50},"end":{"line":30,"column":null}},"line":9}},"branchMap":{"0":{"loc":{"start":{"line":11,"column":43},"end":{"line":11,"column":67}},"type":"binary-expr","locations":[{"start":{"line":11,"column":43},"end":{"line":11,"column":62}},{"start":{"line":11,"column":62},"end":{"line":11,"column":67}}],"line":11},"1":{"loc":{"start":{"line":12,"column":35},"end":{"line":12,"column":59}},"type":"binary-expr","locations":[{"start":{"line":12,"column":35},"end":{"line":12,"column":55}},{"start":{"line":12,"column":55},"end":{"line":12,"column":59}}],"line":12}},"s":{"0":0,"1":0,"2":0,"3":0,"4":0,"5":0,"6":0,"7":0,"8":0,"9":0,"10":0},"f":{"0":0},"b":{"0":[0,0],"1":[0,0]},"meta":{"lastBranch":2,"lastFunction":1,"lastStatement":11,"seen":{"s:5:15:5:33":0,"s:6:6:6:23":1,"s:9:0:30:Infinity":2,"f:9:30:9:37":0,"s:10:2:28:Infinity":3,"s:11:18:11:74":4,"b:11:43:11:62:11:62:11:67":0,"s:12:19:12:60":5,"b:12:35:12:55:12:55:12:59":1,"s:14:17:19:6":6,"s:21:18:23:6":7,"s:25:4:25:Infinity":8,"s:27:4:27:Infinity":9,"s:28:4:28:Infinity":10}}}
,"/home/crawd_user/project/ui-etl-tool/src/backend/routes/apikeys.ts": {"path":"/home/crawd_user/project/ui-etl-tool/src/backend/routes/apikeys.ts","statementMap":{"0":{"start":{"line":7,"column":6},"end":{"line":7,"column":23}},"1":{"start":{"line":8,"column":0},"end":{"line":8,"column":null}},"2":{"start":{"line":11,"column":0},"end":{"line":18,"column":null}},"3":{"start":{"line":12,"column":15},"end":{"line":16,"column":4}},"4":{"start":{"line":17,"column":2},"end":{"line":17,"column":null}},"5":{"start":{"line":21,"column":0},"end":{"line":40,"column":null}},"6":{"start":{"line":22,"column":19},"end":{"line":22,"column":null}},"7":{"start":{"line":23,"column":2},"end":{"line":25,"column":null}},"8":{"start":{"line":24,"column":4},"end":{"line":24,"column":null}},"9":{"start":{"line":25,"column":4},"end":{"line":25,"column":null}},"10":{"start":{"line":28,"column":17},"end":{"line":28,"column":null}},"11":{"start":{"line":29,"column":18},"end":{"line":29,"column":47}},"12":{"start":{"line":31,"column":17},"end":{"line":37,"column":4}},"13":{"start":{"line":39,"column":2},"end":{"line":39,"column":null}},"14":{"start":{"line":43,"column":0},"end":{"line":54,"column":null}},"15":{"start":{"line":44,"column":14},"end":{"line":46,"column":4}},"16":{"start":{"line":47,"column":2},"end":{"line":49,"column":null}},"17":{"start":{"line":48,"column":4},"end":{"line":48,"column":null}},"18":{"start":{"line":49,"column":4},"end":{"line":49,"column":null}},"19":{"start":{"line":52,"column":2},"end":{"line":52,"column":null}},"20":{"start":{"line":53,"column":2},"end":{"line":53,"column":null}}},"fnMap":{"0":{"name":"(anonymous_0)","decl":{"start":{"line":11,"column":16},"end":{"line":11,"column":23}},"loc":{"start":{"line":11,"column":74},"end":{"line":18,"column":null}},"line":11},"1":{"name":"(anonymous_1)","decl":{"start":{"line":21,"column":17},"end":{"line":21,"column":24}},"loc":{"start":{"line":21,"column":75},"end":{"line":40,"column":null}},"line":21},"2":{"name":"(anonymous_2)","decl":{"start":{"line":43,"column":22},"end":{"line":43,"column":29}},"loc":{"start":{"line":43,"column":80},"end":{"line":54,"column":null}},"line":43}},"branchMap":{"0":{"loc":{"start":{"line":23,"column":2},"end":{"line":25,"column":null}},"type":"if","locations":[{"start":{"line":23,"column":2},"end":{"line":25,"column":null}},{"start":{},"end":{}}],"line":23},"1":{"loc":{"start":{"line":47,"column":2},"end":{"line":49,"column":null}},"type":"if","locations":[{"start":{"line":47,"column":2},"end":{"line":49,"column":null}},{"start":{},"end":{}}],"line":47}},"s":{"0":0,"1":0,"2":0,"3":0,"4":0,"5":0,"6":0,"7":0,"8":0,"9":0,"10":0,"11":0,"12":0,"13":0,"14":0,"15":0,"16":0,"17":0,"18":0,"19":0,"20":0},"f":{"0":0,"1":0,"2":0},"b":{"0":[0,0],"1":[0,0]},"meta":{"lastBranch":2,"lastFunction":3,"lastStatement":21,"seen":{"s:7:6:7:23":0,"s:8:0:8:Infinity":1,"s:11:0:18:Infinity":2,"f:11:16:11:23":0,"s:12:15:16:4":3,"s:17:2:17:Infinity":4,"s:21:0:40:Infinity":5,"f:21:17:21:24":1,"s:22:19:22:Infinity":6,"b:23:2:25:Infinity:undefined:undefined:undefined:undefined":0,"s:23:2:25:Infinity":7,"s:24:4:24:Infinity":8,"s:25:4:25:Infinity":9,"s:28:17:28:Infinity":10,"s:29:18:29:47":11,"s:31:17:37:4":12,"s:39:2:39:Infinity":13,"s:43:0:54:Infinity":14,"f:43:22:43:29":2,"s:44:14:46:4":15,"b:47:2:49:Infinity:undefined:undefined:undefined:undefined":1,"s:47:2:49:Infinity":16,"s:48:4:48:Infinity":17,"s:49:4:49:Infinity":18,"s:52:2:52:Infinity":19,"s:53:2:53:Infinity":20}}}
,"/home/crawd_user/project/ui-etl-tool/src/backend/routes/auth.ts": {"path":"/home/crawd_user/project/ui-etl-tool/src/backend/routes/auth.ts","statementMap":{"0":{"start":{"line":7,"column":6},"end":{"line":7,"column":23}},"1":{"start":{"line":9,"column":25},"end":{"line":9,"column":null}},"2":{"start":{"line":10,"column":26},"end":{"line":10,"column":null}},"3":{"start":{"line":13,"column":0},"end":{"line":65,"column":null}},"4":{"start":{"line":14,"column":30},"end":{"line":14,"column":null}},"5":{"start":{"line":16,"column":2},"end":{"line":18,"column":null}},"6":{"start":{"line":17,"column":4},"end":{"line":17,"column":null}},"7":{"start":{"line":18,"column":4},"end":{"line":18,"column":null}},"8":{"start":{"line":21,"column":2},"end":{"line":23,"column":null}},"9":{"start":{"line":22,"column":4},"end":{"line":22,"column":null}},"10":{"start":{"line":23,"column":4},"end":{"line":23,"column":null}},"11":{"start":{"line":26,"column":19},"end":{"line":26,"column":69}},"12":{"start":{"line":27,"column":2},"end":{"line":29,"column":null}},"13":{"start":{"line":28,"column":4},"end":{"line":28,"column":null}},"14":{"start":{"line":29,"column":4},"end":{"line":29,"column":null}},"15":{"start":{"line":32,"column":23},"end":{"line":32,"column":54}},"16":{"start":{"line":33,"column":24},"end":{"line":33,"column":null}},"17":{"start":{"line":35,"column":20},"end":{"line":37,"column":4}},"18":{"start":{"line":39,"column":15},"end":{"line":46,"column":4}},"19":{"start":{"line":48,"column":22},"end":{"line":51,"column":null}},"20":{"start":{"line":53,"column":23},"end":{"line":56,"column":null}},"21":{"start":{"line":59,"column":2},"end":{"line":64,"column":null}},"22":{"start":{"line":68,"column":0},"end":{"line":109,"column":null}},"23":{"start":{"line":69,"column":30},"end":{"line":69,"column":null}},"24":{"start":{"line":71,"column":2},"end":{"line":73,"column":null}},"25":{"start":{"line":72,"column":4},"end":{"line":72,"column":null}},"26":{"start":{"line":73,"column":4},"end":{"line":73,"column":null}},"27":{"start":{"line":76,"column":15},"end":{"line":79,"column":4}},"28":{"start":{"line":81,"column":2},"end":{"line":83,"column":null}},"29":{"start":{"line":82,"column":4},"end":{"line":82,"column":null}},"30":{"start":{"line":83,"column":4},"end":{"line":83,"column":null}},"31":{"start":{"line":86,"column":16},"end":{"line":86,"column":65}},"32":{"start":{"line":87,"column":2},"end":{"line":89,"column":null}},"33":{"start":{"line":88,"column":4},"end":{"line":88,"column":null}},"34":{"start":{"line":89,"column":4},"end":{"line":89,"column":null}},"35":{"start":{"line":92,"column":22},"end":{"line":95,"column":null}},"36":{"start":{"line":97,"column":23},"end":{"line":100,"column":null}},"37":{"start":{"line":103,"column":2},"end":{"line":108,"column":null}},"38":{"start":{"line":112,"column":0},"end":{"line":134,"column":null}},"39":{"start":{"line":113,"column":27},"end":{"line":113,"column":null}},"40":{"start":{"line":115,"column":2},"end":{"line":117,"column":null}},"41":{"start":{"line":116,"column":4},"end":{"line":116,"column":null}},"42":{"start":{"line":117,"column":4},"end":{"line":117,"column":null}},"43":{"start":{"line":120,"column":2},"end":{"line":132,"column":null}},"44":{"start":{"line":121,"column":20},"end":{"line":121,"column":77}},"45":{"start":{"line":125,"column":24},"end":{"line":128,"column":null}},"46":{"start":{"line":130,"column":4},"end":{"line":130,"column":null}},"47":{"start":{"line":132,"column":4},"end":{"line":132,"column":null}},"48":{"start":{"line":137,"column":0},"end":{"line":152,"column":null}},"49":{"start":{"line":138,"column":15},"end":{"line":141,"column":4}},"50":{"start":{"line":143,"column":2},"end":{"line":145,"column":null}},"51":{"start":{"line":144,"column":4},"end":{"line":144,"column":null}},"52":{"start":{"line":145,"column":4},"end":{"line":145,"column":null}},"53":{"start":{"line":148,"column":2},"end":{"line":151,"column":null}}},"fnMap":{"0":{"name":"(anonymous_0)","decl":{"start":{"line":13,"column":25},"end":{"line":13,"column":32}},"loc":{"start":{"line":13,"column":79},"end":{"line":65,"column":null}},"line":13},"1":{"name":"(anonymous_1)","decl":{"start":{"line":68,"column":22},"end":{"line":68,"column":29}},"loc":{"start":{"line":68,"column":76},"end":{"line":109,"column":null}},"line":68},"2":{"name":"(anonymous_2)","decl":{"start":{"line":112,"column":24},"end":{"line":112,"column":31}},"loc":{"start":{"line":112,"column":78},"end":{"line":134,"column":null}},"line":112},"3":{"name":"(anonymous_3)","decl":{"start":{"line":137,"column":32},"end":{"line":137,"column":39}},"loc":{"start":{"line":137,"column":90},"end":{"line":152,"column":null}},"line":137}},"branchMap":{"0":{"loc":{"start":{"line":16,"column":2},"end":{"line":18,"column":null}},"type":"if","locations":[{"start":{"line":16,"column":2},"end":{"line":18,"column":null}},{"start":{},"end":{}}],"line":16},"1":{"loc":{"start":{"line":16,"column":6},"end":{"line":16,"column":27}},"type":"binary-expr","locations":[{"start":{"line":16,"column":6},"end":{"line":16,"column":16}},{"start":{"line":16,"column":16},"end":{"line":16,"column":27}}],"line":16},"2":{"loc":{"start":{"line":21,"column":2},"end":{"line":23,"column":null}},"type":"if","locations":[{"start":{"line":21,"column":2},"end":{"line":23,"column":null}},{"start":{},"end":{}}],"line":21},"3":{"loc":{"start":{"line":27,"column":2},"end":{"line":29,"column":null}},"type":"if","locations":[{"start":{"line":27,"column":2},"end":{"line":29,"column":null}},{"start":{},"end":{}}],"line":27},"4":{"loc":{"start":{"line":71,"column":2},"end":{"line":73,"column":null}},"type":"if","locations":[{"start":{"line":71,"column":2},"end":{"line":73,"column":null}},{"start":{},"end":{}}],"line":71},"5":{"loc":{"start":{"line":71,"column":6},"end":{"line":71,"column":27}},"type":"binary-expr","locations":[{"start":{"line":71,"column":6},"end":{"line":71,"column":16}},{"start":{"line":71,"column":16},"end":{"line":71,"column":27}}],"line":71},"6":{"loc":{"start":{"line":81,"column":2},"end":{"line":83,"column":null}},"type":"if","locations":[{"start":{"line":81,"column":2},"end":{"line":83,"column":null}},{"start":{},"end":{}}],"line":81},"7":{"loc":{"start":{"line":87,"column":2},"end":{"line":89,"column":null}},"type":"if","locations":[{"start":{"line":87,"column":2},"end":{"line":89,"column":null}},{"start":{},"end":{}}],"line":87},"8":{"loc":{"start":{"line":115,"column":2},"end":{"line":117,"column":null}},"type":"if","locations":[{"start":{"line":115,"column":2},"end":{"line":117,"column":null}},{"start":{},"end":{}}],"line":115},"9":{"loc":{"start":{"line":143,"column":2},"end":{"line":145,"column":null}},"type":"if","locations":[{"start":{"line":143,"column":2},"end":{"line":145,"column":null}},{"start":{},"end":{}}],"line":143}},"s":{"0":0,"1":0,"2":0,"3":0,"4":0,"5":0,"6":0,"7":0,"8":0,"9":0,"10":0,"11":0,"12":0,"13":0,"14":0,"15":0,"16":0,"17":0,"18":0,"19":0,"20":0,"21":0,"22":0,"23":0,"24":0,"25":0,"26":0,"27":0,"28":0,"29":0,"30":0,"31":0,"32":0,"33":0,"34":0,"35":0,"36":0,"37":0,"38":0,"39":0,"40":0,"41":0,"42":0,"43":0,"44":0,"45":0,"46":0,"47":0,"48":0,"49":0,"50":0,"51":0,"52":0,"53":0},"f":{"0":0,"1":0,"2":0,"3":0},"b":{"0":[0,0],"1":[0,0],"2":[0,0],"3":[0,0],"4":[0,0],"5":[0,0],"6":[0,0],"7":[0,0],"8":[0,0],"9":[0,0]},"meta":{"lastBranch":10,"lastFunction":4,"lastStatement":54,"seen":{"s:7:6:7:23":0,"s:9:25:9:Infinity":1,"s:10:26:10:Infinity":2,"s:13:0:65:Infinity":3,"f:13:25:13:32":0,"s:14:30:14:Infinity":4,"b:16:2:18:Infinity:undefined:undefined:undefined:undefined":0,"s:16:2:18:Infinity":5,"b:16:6:16:16:16:16:16:27":1,"s:17:4:17:Infinity":6,"s:18:4:18:Infinity":7,"b:21:2:23:Infinity:undefined:undefined:undefined:undefined":2,"s:21:2:23:Infinity":8,"s:22:4:22:Infinity":9,"s:23:4:23:Infinity":10,"s:26:19:26:69":11,"b:27:2:29:Infinity:undefined:undefined:undefined:undefined":3,"s:27:2:29:Infinity":12,"s:28:4:28:Infinity":13,"s:29:4:29:Infinity":14,"s:32:23:32:54":15,"s:33:24:33:Infinity":16,"s:35:20:37:4":17,"s:39:15:46:4":18,"s:48:22:51:Infinity":19,"s:53:23:56:Infinity":20,"s:59:2:64:Infinity":21,"s:68:0:109:Infinity":22,"f:68:22:68:29":1,"s:69:30:69:Infinity":23,"b:71:2:73:Infinity:undefined:undefined:undefined:undefined":4,"s:71:2:73:Infinity":24,"b:71:6:71:16:71:16:71:27":5,"s:72:4:72:Infinity":25,"s:73:4:73:Infinity":26,"s:76:15:79:4":27,"b:81:2:83:Infinity:undefined:undefined:undefined:undefined":6,"s:81:2:83:Infinity":28,"s:82:4:82:Infinity":29,"s:83:4:83:Infinity":30,"s:86:16:86:65":31,"b:87:2:89:Infinity:undefined:undefined:undefined:undefined":7,"s:87:2:89:Infinity":32,"s:88:4:88:Infinity":33,"s:89:4:89:Infinity":34,"s:92:22:95:Infinity":35,"s:97:23:100:Infinity":36,"s:103:2:108:Infinity":37,"s:112:0:134:Infinity":38,"f:112:24:112:31":2,"s:113:27:113:Infinity":39,"b:115:2:117:Infinity:undefined:undefined:undefined:undefined":8,"s:115:2:117:Infinity":40,"s:116:4:116:Infinity":41,"s:117:4:117:Infinity":42,"s:120:2:132:Infinity":43,"s:121:20:121:77":44,"s:125:24:128:Infinity":45,"s:130:4:130:Infinity":46,"s:132:4:132:Infinity":47,"s:137:0:152:Infinity":48,"f:137:32:137:39":3,"s:138:15:141:4":49,"b:143:2:145:Infinity:undefined:undefined:undefined:undefined":9,"s:143:2:145:Infinity":50,"s:144:4:144:Infinity":51,"s:145:4:145:Infinity":52,"s:148:2:151:Infinity":53}}}
,"/home/crawd_user/project/ui-etl-tool/src/backend/routes/destinations.ts": {"path":"/home/crawd_user/project/ui-etl-tool/src/backend/routes/destinations.ts","statementMap":{"0":{"start":{"line":4,"column":6},"end":{"line":4,"column":23}},"1":{"start":{"line":5,"column":0},"end":{"line":5,"column":null}},"2":{"start":{"line":8,"column":0},"end":{"line":51,"column":null}},"3":{"start":{"line":9,"column":61},"end":{"line":9,"column":null}},"4":{"start":{"line":11,"column":2},"end":{"line":13,"column":null}},"5":{"start":{"line":12,"column":4},"end":{"line":12,"column":null}},"6":{"start":{"line":13,"column":4},"end":{"line":13,"column":null}},"7":{"start":{"line":16,"column":2},"end":{"line":49,"column":null}},"8":{"start":{"line":17,"column":4},"end":{"line":45,"column":null}},"9":{"start":{"line":18,"column":23},"end":{"line":18,"column":null}},"10":{"start":{"line":19,"column":19},"end":{"line":19,"column":102}},"11":{"start":{"line":20,"column":21},"end":{"line":20,"column":41}},"12":{"start":{"line":21,"column":6},"end":{"line":25,"column":null}},"13":{"start":{"line":22,"column":8},"end":{"line":22,"column":null}},"14":{"start":{"line":24,"column":8},"end":{"line":24,"column":null}},"15":{"start":{"line":25,"column":8},"end":{"line":25,"column":null}},"16":{"start":{"line":27,"column":6},"end":{"line":27,"column":null}},"17":{"start":{"line":28,"column":15},"end":{"line":45,"column":null}},"18":{"start":{"line":29,"column":20},"end":{"line":29,"column":null}},"19":{"start":{"line":30,"column":25},"end":{"line":37,"column":8}},"20":{"start":{"line":38,"column":6},"end":{"line":41,"column":null}},"21":{"start":{"line":39,"column":8},"end":{"line":39,"column":null}},"22":{"start":{"line":41,"column":8},"end":{"line":41,"column":null}},"23":{"start":{"line":43,"column":6},"end":{"line":43,"column":null}},"24":{"start":{"line":45,"column":6},"end":{"line":45,"column":null}},"25":{"start":{"line":48,"column":4},"end":{"line":48,"column":null}},"26":{"start":{"line":49,"column":4},"end":{"line":49,"column":null}}},"fnMap":{"0":{"name":"(anonymous_0)","decl":{"start":{"line":8,"column":21},"end":{"line":8,"column":28}},"loc":{"start":{"line":8,"column":79},"end":{"line":51,"column":null}},"line":8}},"branchMap":{"0":{"loc":{"start":{"line":11,"column":2},"end":{"line":13,"column":null}},"type":"if","locations":[{"start":{"line":11,"column":2},"end":{"line":13,"column":null}},{"start":{},"end":{}}],"line":11},"1":{"loc":{"start":{"line":11,"column":6},"end":{"line":11,"column":57}},"type":"binary-expr","locations":[{"start":{"line":11,"column":6},"end":{"line":11,"column":15}},{"start":{"line":11,"column":15},"end":{"line":11,"column":24}},{"start":{"line":11,"column":24},"end":{"line":11,"column":33}},{"start":{"line":11,"column":33},"end":{"line":11,"column":46}},{"start":{"line":11,"column":46},"end":{"line":11,"column":57}}],"line":11},"2":{"loc":{"start":{"line":17,"column":4},"end":{"line":45,"column":null}},"type":"if","locations":[{"start":{"line":17,"column":4},"end":{"line":45,"column":null}},{"start":{"line":28,"column":15},"end":{"line":45,"column":null}}],"line":17},"3":{"loc":{"start":{"line":28,"column":15},"end":{"line":45,"column":null}},"type":"if","locations":[{"start":{"line":28,"column":15},"end":{"line":45,"column":null}},{"start":{"line":44,"column":11},"end":{"line":45,"column":null}}],"line":28},"4":{"loc":{"start":{"line":49,"column":35},"end":{"line":49,"column":82}},"type":"binary-expr","locations":[{"start":{"line":49,"column":35},"end":{"line":49,"column":61}},{"start":{"line":49,"column":61},"end":{"line":49,"column":82}}],"line":49}},"s":{"0":0,"1":0,"2":0,"3":0,"4":0,"5":0,"6":0,"7":0,"8":0,"9":0,"10":0,"11":0,"12":0,"13":0,"14":0,"15":0,"16":0,"17":0,"18":0,"19":0,"20":0,"21":0,"22":0,"23":0,"24":0,"25":0,"26":0},"f":{"0":0},"b":{"0":[0,0],"1":[0,0,0,0,0],"2":[0,0],"3":[0,0],"4":[0,0]},"meta":{"lastBranch":5,"lastFunction":1,"lastStatement":27,"seen":{"s:4:6:4:23":0,"s:5:0:5:Infinity":1,"s:8:0:51:Infinity":2,"f:8:21:8:28":0,"s:9:61:9:Infinity":3,"b:11:2:13:Infinity:undefined:undefined:undefined:undefined":0,"s:11:2:13:Infinity":4,"b:11:6:11:15:11:15:11:24:11:24:11:33:11:33:11:46:11:46:11:57":1,"s:12:4:12:Infinity":5,"s:13:4:13:Infinity":6,"s:16:2:49:Infinity":7,"b:17:4:45:Infinity:28:15:45:Infinity":2,"s:17:4:45:Infinity":8,"s:18:23:18:Infinity":9,"s:19:19:19:102":10,"s:20:21:20:41":11,"s:21:6:25:Infinity":12,"s:22:8:22:Infinity":13,"s:24:8:24:Infinity":14,"s:25:8:25:Infinity":15,"s:27:6:27:Infinity":16,"b:28:15:45:Infinity:44:11:45:Infinity":3,"s:28:15:45:Infinity":17,"s:29:20:29:Infinity":18,"s:30:25:37:8":19,"s:38:6:41:Infinity":20,"s:39:8:39:Infinity":21,"s:41:8:41:Infinity":22,"s:43:6:43:Infinity":23,"s:45:6:45:Infinity":24,"s:48:4:48:Infinity":25,"s:49:4:49:Infinity":26,"b:49:35:49:61:49:61:49:82":4}}}
,"/home/crawd_user/project/ui-etl-tool/src/backend/routes/export.ts": {"path":"/home/crawd_user/project/ui-etl-tool/src/backend/routes/export.ts","statementMap":{"0":{"start":{"line":6,"column":15},"end":{"line":6,"column":33}},"1":{"start":{"line":7,"column":6},"end":{"line":7,"column":23}},"2":{"start":{"line":9,"column":21},"end":{"line":11,"column":2}},"3":{"start":{"line":14,"column":0},"end":{"line":47,"column":null}},"4":{"start":{"line":15,"column":2},"end":{"line":45,"column":null}},"5":{"start":{"line":16,"column":28},"end":{"line":16,"column":56}},"6":{"start":{"line":18,"column":22},"end":{"line":23,"column":6}},"7":{"start":{"line":25,"column":23},"end":{"line":32,"column":7}},"8":{"start":{"line":25,"column":45},"end":{"line":32,"column":7}},"9":{"start":{"line":34,"column":4},"end":{"line":39,"column":null}},"10":{"start":{"line":41,"column":4},"end":{"line":42,"column":null}},"11":{"start":{"line":42,"column":6},"end":{"line":42,"column":null}},"12":{"start":{"line":44,"column":4},"end":{"line":44,"column":null}},"13":{"start":{"line":45,"column":4},"end":{"line":45,"column":null}},"14":{"start":{"line":50,"column":0},"end":{"line":103,"column":null}},"15":{"start":{"line":51,"column":2},"end":{"line":101,"column":null}},"16":{"start":{"line":52,"column":25},"end":{"line":62,"column":6}},"17":{"start":{"line":64,"column":17},"end":{"line":64,"column":45}},"18":{"start":{"line":66,"column":20},"end":{"line":66,"column":22}},"19":{"start":{"line":67,"column":4},"end":{"line":92,"column":null}},"20":{"start":{"line":68,"column":23},"end":{"line":79,"column":8}},"21":{"start":{"line":80,"column":6},"end":{"line":80,"column":null}},"22":{"start":{"line":83,"column":6},"end":{"line":92,"column":null}},"23":{"start":{"line":95,"column":4},"end":{"line":95,"column":null}},"24":{"start":{"line":97,"column":4},"end":{"line":98,"column":null}},"25":{"start":{"line":98,"column":6},"end":{"line":98,"column":null}},"26":{"start":{"line":100,"column":4},"end":{"line":100,"column":null}},"27":{"start":{"line":101,"column":4},"end":{"line":101,"column":null}}},"fnMap":{"0":{"name":"(anonymous_0)","decl":{"start":{"line":14,"column":37},"end":{"line":14,"column":44}},"loc":{"start":{"line":14,"column":57},"end":{"line":47,"column":null}},"line":14},"1":{"name":"(anonymous_1)","decl":{"start":{"line":25,"column":33},"end":{"line":25,"column":38}},"loc":{"start":{"line":25,"column":45},"end":{"line":32,"column":7}},"line":25},"2":{"name":"(anonymous_2)","decl":{"start":{"line":50,"column":37},"end":{"line":50,"column":44}},"loc":{"start":{"line":50,"column":57},"end":{"line":103,"column":null}},"line":50}},"branchMap":{"0":{"loc":{"start":{"line":41,"column":4},"end":{"line":42,"column":null}},"type":"if","locations":[{"start":{"line":41,"column":4},"end":{"line":42,"column":null}},{"start":{},"end":{}}],"line":41},"1":{"loc":{"start":{"line":97,"column":4},"end":{"line":98,"column":null}},"type":"if","locations":[{"start":{"line":97,"column":4},"end":{"line":98,"column":null}},{"start":{},"end":{}}],"line":97}},"s":{"0":0,"1":0,"2":0,"3":0,"4":0,"5":0,"6":0,"7":0,"8":0,"9":0,"10":0,"11":0,"12":0,"13":0,"14":0,"15":0,"16":0,"17":0,"18":0,"19":0,"20":0,"21":0,"22":0,"23":0,"24":0,"25":0,"26":0,"27":0},"f":{"0":0,"1":0,"2":0},"b":{"0":[0,0],"1":[0,0]},"meta":{"lastBranch":2,"lastFunction":3,"lastStatement":28,"seen":{"s:6:15:6:33":0,"s:7:6:7:23":1,"s:9:21:11:2":2,"s:14:0:47:Infinity":3,"f:14:37:14:44":0,"s:15:2:45:Infinity":4,"s:16:28:16:56":5,"s:18:22:23:6":6,"s:25:23:32:7":7,"f:25:33:25:38":1,"s:25:45:32:7":8,"s:34:4:39:Infinity":9,"b:41:4:42:Infinity:undefined:undefined:undefined:undefined":0,"s:41:4:42:Infinity":10,"s:42:6:42:Infinity":11,"s:44:4:44:Infinity":12,"s:45:4:45:Infinity":13,"s:50:0:103:Infinity":14,"f:50:37:50:44":2,"s:51:2:101:Infinity":15,"s:52:25:62:6":16,"s:64:17:64:45":17,"s:66:20:66:22":18,"s:67:4:92:Infinity":19,"s:68:23:79:8":20,"s:80:6:80:Infinity":21,"s:83:6:92:Infinity":22,"s:95:4:95:Infinity":23,"b:97:4:98:Infinity:undefined:undefined:undefined:undefined":1,"s:97:4:98:Infinity":24,"s:98:6:98:Infinity":25,"s:100:4:100:Infinity":26,"s:101:4:101:Infinity":27}}}
,"/home/crawd_user/project/ui-etl-tool/src/backend/routes/pipelines.ts": {"path":"/home/crawd_user/project/ui-etl-tool/src/backend/routes/pipelines.ts","statementMap":{"0":{"start":{"line":7,"column":6},"end":{"line":7,"column":23}},"1":{"start":{"line":8,"column":0},"end":{"line":8,"column":null}},"2":{"start":{"line":16,"column":2},"end":{"line":16,"column":null}},"3":{"start":{"line":20,"column":0},"end":{"line":27,"column":null}},"4":{"start":{"line":21,"column":20},"end":{"line":25,"column":4}},"5":{"start":{"line":26,"column":2},"end":{"line":26,"column":null}},"6":{"start":{"line":30,"column":0},"end":{"line":70,"column":null}},"7":{"start":{"line":31,"column":92},"end":{"line":31,"column":null}},"8":{"start":{"line":33,"column":2},"end":{"line":35,"column":null}},"9":{"start":{"line":34,"column":4},"end":{"line":34,"column":null}},"10":{"start":{"line":35,"column":4},"end":{"line":35,"column":null}},"11":{"start":{"line":38,"column":20},"end":{"line":38,"column":89}},"12":{"start":{"line":39,"column":2},"end":{"line":41,"column":null}},"13":{"start":{"line":40,"column":4},"end":{"line":40,"column":null}},"14":{"start":{"line":41,"column":4},"end":{"line":41,"column":null}},"15":{"start":{"line":44,"column":24},"end":{"line":44,"column":96}},"16":{"start":{"line":45,"column":2},"end":{"line":49,"column":null}},"17":{"start":{"line":46,"column":4},"end":{"line":48,"column":null}},"18":{"start":{"line":49,"column":4},"end":{"line":49,"column":null}},"19":{"start":{"line":52,"column":19},"end":{"line":62,"column":4}},"20":{"start":{"line":65,"column":2},"end":{"line":66,"column":null}},"21":{"start":{"line":66,"column":4},"end":{"line":66,"column":null}},"22":{"start":{"line":69,"column":2},"end":{"line":69,"column":null}},"23":{"start":{"line":73,"column":0},"end":{"line":80,"column":null}},"24":{"start":{"line":74,"column":19},"end":{"line":77,"column":4}},"25":{"start":{"line":78,"column":2},"end":{"line":78,"column":null}},"26":{"start":{"line":78,"column":19},"end":{"line":78,"column":74}},"27":{"start":{"line":78,"column":74},"end":{"line":78,"column":null}},"28":{"start":{"line":79,"column":2},"end":{"line":79,"column":null}},"29":{"start":{"line":83,"column":0},"end":{"line":112,"column":null}},"30":{"start":{"line":84,"column":100},"end":{"line":84,"column":null}},"31":{"start":{"line":86,"column":19},"end":{"line":88,"column":4}},"32":{"start":{"line":89,"column":2},"end":{"line":89,"column":null}},"33":{"start":{"line":89,"column":19},"end":{"line":89,"column":74}},"34":{"start":{"line":89,"column":74},"end":{"line":89,"column":null}},"35":{"start":{"line":91,"column":18},"end":{"line":102,"column":4}},"36":{"start":{"line":105,"column":19},"end":{"line":105,"column":32}},"37":{"start":{"line":106,"column":2},"end":{"line":106,"column":null}},"38":{"start":{"line":107,"column":2},"end":{"line":108,"column":null}},"39":{"start":{"line":108,"column":4},"end":{"line":108,"column":null}},"40":{"start":{"line":111,"column":2},"end":{"line":111,"column":null}},"41":{"start":{"line":115,"column":0},"end":{"line":124,"column":null}},"42":{"start":{"line":116,"column":19},"end":{"line":118,"column":4}},"43":{"start":{"line":119,"column":2},"end":{"line":119,"column":null}},"44":{"start":{"line":119,"column":19},"end":{"line":119,"column":74}},"45":{"start":{"line":119,"column":74},"end":{"line":119,"column":null}},"46":{"start":{"line":121,"column":2},"end":{"line":121,"column":null}},"47":{"start":{"line":122,"column":2},"end":{"line":122,"column":null}},"48":{"start":{"line":123,"column":2},"end":{"line":123,"column":null}},"49":{"start":{"line":127,"column":0},"end":{"line":147,"column":null}},"50":{"start":{"line":128,"column":17},"end":{"line":130,"column":4}},"51":{"start":{"line":131,"column":2},"end":{"line":131,"column":null}},"52":{"start":{"line":131,"column":17},"end":{"line":131,"column":72}},"53":{"start":{"line":131,"column":72},"end":{"line":131,"column":null}},"54":{"start":{"line":133,"column":17},"end":{"line":144,"column":4}},"55":{"start":{"line":146,"column":2},"end":{"line":146,"column":null}},"56":{"start":{"line":150,"column":0},"end":{"line":168,"column":null}},"57":{"start":{"line":151,"column":18},"end":{"line":151,"column":null}},"58":{"start":{"line":152,"column":2},"end":{"line":154,"column":null}},"59":{"start":{"line":153,"column":4},"end":{"line":153,"column":null}},"60":{"start":{"line":154,"column":4},"end":{"line":154,"column":null}},"61":{"start":{"line":158,"column":20},"end":{"line":160,"column":4}},"62":{"start":{"line":161,"column":2},"end":{"line":161,"column":null}},"63":{"start":{"line":161,"column":32},"end":{"line":161,"column":87}},"64":{"start":{"line":161,"column":87},"end":{"line":161,"column":null}},"65":{"start":{"line":164,"column":2},"end":{"line":164,"column":null}},"66":{"start":{"line":164,"column":29},"end":{"line":164,"column":null}},"67":{"start":{"line":166,"column":2},"end":{"line":166,"column":null}},"68":{"start":{"line":166,"column":75},"end":{"line":166,"column":80}},"69":{"start":{"line":167,"column":2},"end":{"line":167,"column":null}},"70":{"start":{"line":171,"column":0},"end":{"line":195,"column":null}},"71":{"start":{"line":172,"column":21},"end":{"line":172,"column":null}},"72":{"start":{"line":173,"column":2},"end":{"line":175,"column":null}},"73":{"start":{"line":174,"column":4},"end":{"line":174,"column":null}},"74":{"start":{"line":175,"column":4},"end":{"line":175,"column":null}},"75":{"start":{"line":178,"column":19},"end":{"line":180,"column":4}},"76":{"start":{"line":181,"column":2},"end":{"line":181,"column":null}},"77":{"start":{"line":181,"column":19},"end":{"line":181,"column":74}},"78":{"start":{"line":181,"column":74},"end":{"line":181,"column":null}},"79":{"start":{"line":183,"column":18},"end":{"line":186,"column":4}},"80":{"start":{"line":188,"column":19},"end":{"line":188,"column":32}},"81":{"start":{"line":189,"column":2},"end":{"line":189,"column":null}},"82":{"start":{"line":190,"column":2},"end":{"line":191,"column":null}},"83":{"start":{"line":191,"column":4},"end":{"line":191,"column":null}},"84":{"start":{"line":194,"column":2},"end":{"line":194,"column":null}}},"fnMap":{"0":{"name":"getQueue","decl":{"start":{"line":15,"column":9},"end":{"line":15,"column":18}},"loc":{"start":{"line":15,"column":55},"end":{"line":16,"column":null}},"line":15},"1":{"name":"(anonymous_1)","decl":{"start":{"line":20,"column":16},"end":{"line":20,"column":23}},"loc":{"start":{"line":20,"column":74},"end":{"line":27,"column":null}},"line":20},"2":{"name":"(anonymous_2)","decl":{"start":{"line":30,"column":17},"end":{"line":30,"column":24}},"loc":{"start":{"line":30,"column":75},"end":{"line":70,"column":null}},"line":30},"3":{"name":"(anonymous_3)","decl":{"start":{"line":73,"column":19},"end":{"line":73,"column":26}},"loc":{"start":{"line":73,"column":77},"end":{"line":80,"column":null}},"line":73},"4":{"name":"(anonymous_4)","decl":{"start":{"line":83,"column":19},"end":{"line":83,"column":26}},"loc":{"start":{"line":83,"column":77},"end":{"line":112,"column":null}},"line":83},"5":{"name":"(anonymous_5)","decl":{"start":{"line":115,"column":22},"end":{"line":115,"column":29}},"loc":{"start":{"line":115,"column":80},"end":{"line":124,"column":null}},"line":115},"6":{"name":"(anonymous_6)","decl":{"start":{"line":127,"column":26},"end":{"line":127,"column":33}},"loc":{"start":{"line":127,"column":84},"end":{"line":147,"column":null}},"line":127},"7":{"name":"(anonymous_7)","decl":{"start":{"line":150,"column":29},"end":{"line":150,"column":36}},"loc":{"start":{"line":150,"column":87},"end":{"line":168,"column":null}},"line":150},"8":{"name":"(anonymous_8)","decl":{"start":{"line":166,"column":66},"end":{"line":166,"column":70}},"loc":{"start":{"line":166,"column":75},"end":{"line":166,"column":80}},"line":166},"9":{"name":"(anonymous_9)","decl":{"start":{"line":171,"column":28},"end":{"line":171,"column":35}},"loc":{"start":{"line":171,"column":86},"end":{"line":195,"column":null}},"line":171}},"branchMap":{"0":{"loc":{"start":{"line":33,"column":2},"end":{"line":35,"column":null}},"type":"if","locations":[{"start":{"line":33,"column":2},"end":{"line":35,"column":null}},{"start":{},"end":{}}],"line":33},"1":{"loc":{"start":{"line":39,"column":2},"end":{"line":41,"column":null}},"type":"if","locations":[{"start":{"line":39,"column":2},"end":{"line":41,"column":null}},{"start":{},"end":{}}],"line":39},"2":{"loc":{"start":{"line":45,"column":2},"end":{"line":49,"column":null}},"type":"if","locations":[{"start":{"line":45,"column":2},"end":{"line":49,"column":null}},{"start":{},"end":{}}],"line":45},"3":{"loc":{"start":{"line":55,"column":19},"end":{"line":55,"column":null}},"type":"binary-expr","locations":[{"start":{"line":55,"column":19},"end":{"line":55,"column":34}},{"start":{"line":55,"column":34},"end":{"line":55,"column":null}}],"line":55},"4":{"loc":{"start":{"line":57,"column":20},"end":{"line":57,"column":38}},"type":"binary-expr","locations":[{"start":{"line":57,"column":20},"end":{"line":57,"column":36}},{"start":{"line":57,"column":36},"end":{"line":57,"column":38}}],"line":57},"5":{"loc":{"start":{"line":58,"column":23},"end":{"line":58,"column":44}},"type":"binary-expr","locations":[{"start":{"line":58,"column":23},"end":{"line":58,"column":42}},{"start":{"line":58,"column":42},"end":{"line":58,"column":44}}],"line":58},"6":{"loc":{"start":{"line":59,"column":25},"end":{"line":59,"column":48}},"type":"binary-expr","locations":[{"start":{"line":59,"column":25},"end":{"line":59,"column":46}},{"start":{"line":59,"column":46},"end":{"line":59,"column":48}}],"line":59},"7":{"loc":{"start":{"line":60,"column":16},"end":{"line":60,"column":null}},"type":"binary-expr","locations":[{"start":{"line":60,"column":16},"end":{"line":60,"column":28}},{"start":{"line":60,"column":28},"end":{"line":60,"column":null}}],"line":60},"8":{"loc":{"start":{"line":65,"column":2},"end":{"line":66,"column":null}},"type":"if","locations":[{"start":{"line":65,"column":2},"end":{"line":66,"column":null}},{"start":{},"end":{}}],"line":65},"9":{"loc":{"start":{"line":65,"column":6},"end":{"line":65,"column":57}},"type":"binary-expr","locations":[{"start":{"line":65,"column":6},"end":{"line":65,"column":27}},{"start":{"line":65,"column":27},"end":{"line":65,"column":57}}],"line":65},"10":{"loc":{"start":{"line":78,"column":2},"end":{"line":78,"column":null}},"type":"if","locations":[{"start":{"line":78,"column":2},"end":{"line":78,"column":null}},{"start":{},"end":{}}],"line":78},"11":{"loc":{"start":{"line":89,"column":2},"end":{"line":89,"column":null}},"type":"if","locations":[{"start":{"line":89,"column":2},"end":{"line":89,"column":null}},{"start":{},"end":{}}],"line":89},"12":{"loc":{"start":{"line":94,"column":12},"end":{"line":94,"column":null}},"type":"binary-expr","locations":[{"start":{"line":94,"column":12},"end":{"line":94,"column":20}},{"start":{"line":94,"column":20},"end":{"line":94,"column":null}}],"line":94},"13":{"loc":{"start":{"line":95,"column":19},"end":{"line":95,"column":null}},"type":"cond-expr","locations":[{"start":{"line":95,"column":47},"end":{"line":95,"column":61}},{"start":{"line":95,"column":61},"end":{"line":95,"column":null}}],"line":95},"14":{"loc":{"start":{"line":96,"column":20},"end":{"line":96,"column":null}},"type":"binary-expr","locations":[{"start":{"line":96,"column":20},"end":{"line":96,"column":36}},{"start":{"line":96,"column":36},"end":{"line":96,"column":null}}],"line":96},"15":{"loc":{"start":{"line":97,"column":23},"end":{"line":97,"column":null}},"type":"binary-expr","locations":[{"start":{"line":97,"column":23},"end":{"line":97,"column":42}},{"start":{"line":97,"column":42},"end":{"line":97,"column":null}}],"line":97},"16":{"loc":{"start":{"line":98,"column":25},"end":{"line":98,"column":null}},"type":"binary-expr","locations":[{"start":{"line":98,"column":25},"end":{"line":98,"column":46}},{"start":{"line":98,"column":46},"end":{"line":98,"column":null}}],"line":98},"17":{"loc":{"start":{"line":99,"column":16},"end":{"line":99,"column":null}},"type":"cond-expr","locations":[{"start":{"line":99,"column":41},"end":{"line":99,"column":52}},{"start":{"line":99,"column":52},"end":{"line":99,"column":null}}],"line":99},"18":{"loc":{"start":{"line":100,"column":14},"end":{"line":100,"column":null}},"type":"binary-expr","locations":[{"start":{"line":100,"column":14},"end":{"line":100,"column":24}},{"start":{"line":100,"column":24},"end":{"line":100,"column":null}}],"line":100},"19":{"loc":{"start":{"line":107,"column":2},"end":{"line":108,"column":null}},"type":"if","locations":[{"start":{"line":107,"column":2},"end":{"line":108,"column":null}},{"start":{},"end":{}}],"line":107},"20":{"loc":{"start":{"line":107,"column":6},"end":{"line":107,"column":55}},"type":"binary-expr","locations":[{"start":{"line":107,"column":6},"end":{"line":107,"column":26}},{"start":{"line":107,"column":26},"end":{"line":107,"column":55}}],"line":107},"21":{"loc":{"start":{"line":119,"column":2},"end":{"line":119,"column":null}},"type":"if","locations":[{"start":{"line":119,"column":2},"end":{"line":119,"column":null}},{"start":{},"end":{}}],"line":119},"22":{"loc":{"start":{"line":131,"column":2},"end":{"line":131,"column":null}},"type":"if","locations":[{"start":{"line":131,"column":2},"end":{"line":131,"column":null}},{"start":{},"end":{}}],"line":131},"23":{"loc":{"start":{"line":152,"column":2},"end":{"line":154,"column":null}},"type":"if","locations":[{"start":{"line":152,"column":2},"end":{"line":154,"column":null}},{"start":{},"end":{}}],"line":152},"24":{"loc":{"start":{"line":152,"column":6},"end":{"line":152,"column":47}},"type":"binary-expr","locations":[{"start":{"line":152,"column":6},"end":{"line":152,"column":25}},{"start":{"line":152,"column":29},"end":{"line":152,"column":47}}],"line":152},"25":{"loc":{"start":{"line":161,"column":2},"end":{"line":161,"column":null}},"type":"if","locations":[{"start":{"line":161,"column":2},"end":{"line":161,"column":null}},{"start":{},"end":{}}],"line":161},"26":{"loc":{"start":{"line":173,"column":2},"end":{"line":175,"column":null}},"type":"if","locations":[{"start":{"line":173,"column":2},"end":{"line":175,"column":null}},{"start":{},"end":{}}],"line":173},"27":{"loc":{"start":{"line":181,"column":2},"end":{"line":181,"column":null}},"type":"if","locations":[{"start":{"line":181,"column":2},"end":{"line":181,"column":null}},{"start":{},"end":{}}],"line":181},"28":{"loc":{"start":{"line":190,"column":2},"end":{"line":191,"column":null}},"type":"if","locations":[{"start":{"line":190,"column":2},"end":{"line":191,"column":null}},{"start":{},"end":{}}],"line":190},"29":{"loc":{"start":{"line":190,"column":6},"end":{"line":190,"column":55}},"type":"binary-expr","locations":[{"start":{"line":190,"column":6},"end":{"line":190,"column":26}},{"start":{"line":190,"column":26},"end":{"line":190,"column":55}}],"line":190}},"s":{"0":0,"1":0,"2":0,"3":0,"4":0,"5":0,"6":0,"7":0,"8":0,"9":0,"10":0,"11":0,"12":0,"13":0,"14":0,"15":0,"16":0,"17":0,"18":0,"19":0,"20":0,"21":0,"22":0,"23":0,"24":0,"25":0,"26":0,"27":0,"28":0,"29":0,"30":0,"31":0,"32":0,"33":0,"34":0,"35":0,"36":0,"37":0,"38":0,"39":0,"40":0,"41":0,"42":0,"43":0,"44":0,"45":0,"46":0,"47":0,"48":0,"49":0,"50":0,"51":0,"52":0,"53":0,"54":0,"55":0,"56":0,"57":0,"58":0,"59":0,"60":0,"61":0,"62":0,"63":0,"64":0,"65":0,"66":0,"67":0,"68":0,"69":0,"70":0,"71":0,"72":0,"73":0,"74":0,"75":0,"76":0,"77":0,"78":0,"79":0,"80":0,"81":0,"82":0,"83":0,"84":0},"f":{"0":0,"1":0,"2":0,"3":0,"4":0,"5":0,"6":0,"7":0,"8":0,"9":0},"b":{"0":[0,0],"1":[0,0],"2":[0,0],"3":[0,0],"4":[0,0],"5":[0,0],"6":[0,0],"7":[0,0],"8":[0,0],"9":[0,0],"10":[0,0],"11":[0,0],"12":[0,0],"13":[0,0],"14":[0,0],"15":[0,0],"16":[0,0],"17":[0,0],"18":[0,0],"19":[0,0],"20":[0,0],"21":[0,0],"22":[0,0],"23":[0,0],"24":[0,0],"25":[0,0],"26":[0,0],"27":[0,0],"28":[0,0],"29":[0,0]},"meta":{"lastBranch":30,"lastFunction":10,"lastStatement":85,"seen":{"s:7:6:7:23":0,"s:8:0:8:Infinity":1,"f:15:9:15:18":0,"s:16:2:16:Infinity":2,"s:20:0:27:Infinity":3,"f:20:16:20:23":1,"s:21:20:25:4":4,"s:26:2:26:Infinity":5,"s:30:0:70:Infinity":6,"f:30:17:30:24":2,"s:31:92:31:Infinity":7,"b:33:2:35:Infinity:undefined:undefined:undefined:undefined":0,"s:33:2:35:Infinity":8,"s:34:4:34:Infinity":9,"s:35:4:35:Infinity":10,"s:38:20:38:89":11,"b:39:2:41:Infinity:undefined:undefined:undefined:undefined":1,"s:39:2:41:Infinity":12,"s:40:4:40:Infinity":13,"s:41:4:41:Infinity":14,"s:44:24:44:96":15,"b:45:2:49:Infinity:undefined:undefined:undefined:undefined":2,"s:45:2:49:Infinity":16,"s:46:4:48:Infinity":17,"s:49:4:49:Infinity":18,"s:52:19:62:4":19,"b:55:19:55:34:55:34:55:Infinity":3,"b:57:20:57:36:57:36:57:38":4,"b:58:23:58:42:58:42:58:44":5,"b:59:25:59:46:59:46:59:48":6,"b:60:16:60:28:60:28:60:Infinity":7,"b:65:2:66:Infinity:undefined:undefined:undefined:undefined":8,"s:65:2:66:Infinity":20,"b:65:6:65:27:65:27:65:57":9,"s:66:4:66:Infinity":21,"s:69:2:69:Infinity":22,"s:73:0:80:Infinity":23,"f:73:19:73:26":3,"s:74:19:77:4":24,"b:78:2:78:Infinity:undefined:undefined:undefined:undefined":10,"s:78:2:78:Infinity":25,"s:78:19:78:74":26,"s:78:74:78:Infinity":27,"s:79:2:79:Infinity":28,"s:83:0:112:Infinity":29,"f:83:19:83:26":4,"s:84:100:84:Infinity":30,"s:86:19:88:4":31,"b:89:2:89:Infinity:undefined:undefined:undefined:undefined":11,"s:89:2:89:Infinity":32,"s:89:19:89:74":33,"s:89:74:89:Infinity":34,"s:91:18:102:4":35,"b:94:12:94:20:94:20:94:Infinity":12,"b:95:47:95:61:95:61:95:Infinity":13,"b:96:20:96:36:96:36:96:Infinity":14,"b:97:23:97:42:97:42:97:Infinity":15,"b:98:25:98:46:98:46:98:Infinity":16,"b:99:41:99:52:99:52:99:Infinity":17,"b:100:14:100:24:100:24:100:Infinity":18,"s:105:19:105:32":36,"s:106:2:106:Infinity":37,"b:107:2:108:Infinity:undefined:undefined:undefined:undefined":19,"s:107:2:108:Infinity":38,"b:107:6:107:26:107:26:107:55":20,"s:108:4:108:Infinity":39,"s:111:2:111:Infinity":40,"s:115:0:124:Infinity":41,"f:115:22:115:29":5,"s:116:19:118:4":42,"b:119:2:119:Infinity:undefined:undefined:undefined:undefined":21,"s:119:2:119:Infinity":43,"s:119:19:119:74":44,"s:119:74:119:Infinity":45,"s:121:2:121:Infinity":46,"s:122:2:122:Infinity":47,"s:123:2:123:Infinity":48,"s:127:0:147:Infinity":49,"f:127:26:127:33":6,"s:128:17:130:4":50,"b:131:2:131:Infinity:undefined:undefined:undefined:undefined":22,"s:131:2:131:Infinity":51,"s:131:17:131:72":52,"s:131:72:131:Infinity":53,"s:133:17:144:4":54,"s:146:2:146:Infinity":55,"s:150:0:168:Infinity":56,"f:150:29:150:36":7,"s:151:18:151:Infinity":57,"b:152:2:154:Infinity:undefined:undefined:undefined:undefined":23,"s:152:2:154:Infinity":58,"b:152:6:152:25:152:29:152:47":24,"s:153:4:153:Infinity":59,"s:154:4:154:Infinity":60,"s:158:20:160:4":61,"b:161:2:161:Infinity:undefined:undefined:undefined:undefined":25,"s:161:2:161:Infinity":62,"s:161:32:161:87":63,"s:161:87:161:Infinity":64,"s:164:2:164:Infinity":65,"s:164:29:164:Infinity":66,"s:166:2:166:Infinity":67,"f:166:66:166:70":8,"s:166:75:166:80":68,"s:167:2:167:Infinity":69,"s:171:0:195:Infinity":70,"f:171:28:171:35":9,"s:172:21:172:Infinity":71,"b:173:2:175:Infinity:undefined:undefined:undefined:undefined":26,"s:173:2:175:Infinity":72,"s:174:4:174:Infinity":73,"s:175:4:175:Infinity":74,"s:178:19:180:4":75,"b:181:2:181:Infinity:undefined:undefined:undefined:undefined":27,"s:181:2:181:Infinity":76,"s:181:19:181:74":77,"s:181:74:181:Infinity":78,"s:183:18:186:4":79,"s:188:19:188:32":80,"s:189:2:189:Infinity":81,"b:190:2:191:Infinity:undefined:undefined:undefined:undefined":28,"s:190:2:191:Infinity":82,"b:190:6:190:26:190:26:190:55":29,"s:191:4:191:Infinity":83,"s:194:2:194:Infinity":84}}}
,"/home/crawd_user/project/ui-etl-tool/src/backend/routes/runs.ts": {"path":"/home/crawd_user/project/ui-etl-tool/src/backend/routes/runs.ts","statementMap":{"0":{"start":{"line":7,"column":6},"end":{"line":7,"column":23}},"1":{"start":{"line":10,"column":0},"end":{"line":74,"column":null}},"2":{"start":{"line":11,"column":18},"end":{"line":11,"column":null}},"3":{"start":{"line":12,"column":25},"end":{"line":12,"column":null}},"4":{"start":{"line":14,"column":2},"end":{"line":16,"column":null}},"5":{"start":{"line":15,"column":4},"end":{"line":15,"column":null}},"6":{"start":{"line":16,"column":4},"end":{"line":16,"column":null}},"7":{"start":{"line":20,"column":17},"end":{"line":23,"column":4}},"8":{"start":{"line":26,"column":18},"end":{"line":26,"column":80}},"9":{"start":{"line":27,"column":19},"end":{"line":27,"column":null}},"10":{"start":{"line":28,"column":2},"end":{"line":31,"column":null}},"11":{"start":{"line":29,"column":4},"end":{"line":31,"column":null}},"12":{"start":{"line":30,"column":6},"end":{"line":30,"column":null}},"13":{"start":{"line":31,"column":6},"end":{"line":31,"column":null}},"14":{"start":{"line":35,"column":2},"end":{"line":37,"column":null}},"15":{"start":{"line":36,"column":4},"end":{"line":36,"column":null}},"16":{"start":{"line":37,"column":4},"end":{"line":37,"column":null}},"17":{"start":{"line":40,"column":19},"end":{"line":42,"column":4}},"18":{"start":{"line":44,"column":2},"end":{"line":46,"column":null}},"19":{"start":{"line":45,"column":4},"end":{"line":45,"column":null}},"20":{"start":{"line":46,"column":4},"end":{"line":46,"column":null}},"21":{"start":{"line":50,"column":14},"end":{"line":55,"column":4}},"22":{"start":{"line":57,"column":19},"end":{"line":57,"column":42}},"23":{"start":{"line":65,"column":2},"end":{"line":71,"column":null}},"24":{"start":{"line":73,"column":2},"end":{"line":73,"column":null}},"25":{"start":{"line":76,"column":0},"end":{"line":76,"column":null}},"26":{"start":{"line":79,"column":0},"end":{"line":96,"column":null}},"27":{"start":{"line":80,"column":19},"end":{"line":82,"column":4}},"28":{"start":{"line":84,"column":2},"end":{"line":86,"column":null}},"29":{"start":{"line":85,"column":4},"end":{"line":85,"column":null}},"30":{"start":{"line":86,"column":4},"end":{"line":86,"column":null}},"31":{"start":{"line":89,"column":15},"end":{"line":93,"column":4}},"32":{"start":{"line":95,"column":2},"end":{"line":95,"column":null}},"33":{"start":{"line":99,"column":0},"end":{"line":142,"column":null}},"34":{"start":{"line":100,"column":25},"end":{"line":100,"column":null}},"35":{"start":{"line":102,"column":2},"end":{"line":104,"column":null}},"36":{"start":{"line":103,"column":4},"end":{"line":103,"column":null}},"37":{"start":{"line":104,"column":4},"end":{"line":104,"column":null}},"38":{"start":{"line":107,"column":19},"end":{"line":109,"column":4}},"39":{"start":{"line":111,"column":2},"end":{"line":113,"column":null}},"40":{"start":{"line":112,"column":4},"end":{"line":112,"column":null}},"41":{"start":{"line":113,"column":4},"end":{"line":113,"column":null}},"42":{"start":{"line":117,"column":14},"end":{"line":122,"column":4}},"43":{"start":{"line":125,"column":19},"end":{"line":125,"column":42}},"44":{"start":{"line":133,"column":2},"end":{"line":139,"column":null}},"45":{"start":{"line":141,"column":2},"end":{"line":141,"column":null}},"46":{"start":{"line":145,"column":0},"end":{"line":179,"column":null}},"47":{"start":{"line":146,"column":19},"end":{"line":148,"column":4}},"48":{"start":{"line":150,"column":2},"end":{"line":152,"column":null}},"49":{"start":{"line":151,"column":4},"end":{"line":151,"column":null}},"50":{"start":{"line":152,"column":4},"end":{"line":152,"column":null}},"51":{"start":{"line":155,"column":14},"end":{"line":160,"column":4}},"52":{"start":{"line":162,"column":19},"end":{"line":162,"column":42}},"53":{"start":{"line":170,"column":2},"end":{"line":176,"column":null}},"54":{"start":{"line":178,"column":2},"end":{"line":178,"column":null}}},"fnMap":{"0":{"name":"(anonymous_0)","decl":{"start":{"line":10,"column":34},"end":{"line":10,"column":41}},"loc":{"start":{"line":10,"column":79},"end":{"line":74,"column":null}},"line":10},"1":{"name":"(anonymous_1)","decl":{"start":{"line":79,"column":34},"end":{"line":79,"column":41}},"loc":{"start":{"line":79,"column":92},"end":{"line":96,"column":null}},"line":79},"2":{"name":"(anonymous_2)","decl":{"start":{"line":99,"column":21},"end":{"line":99,"column":28}},"loc":{"start":{"line":99,"column":79},"end":{"line":142,"column":null}},"line":99},"3":{"name":"(anonymous_3)","decl":{"start":{"line":145,"column":34},"end":{"line":145,"column":41}},"loc":{"start":{"line":145,"column":92},"end":{"line":179,"column":null}},"line":145}},"branchMap":{"0":{"loc":{"start":{"line":14,"column":2},"end":{"line":16,"column":null}},"type":"if","locations":[{"start":{"line":14,"column":2},"end":{"line":16,"column":null}},{"start":{},"end":{}}],"line":14},"1":{"loc":{"start":{"line":29,"column":4},"end":{"line":31,"column":null}},"type":"if","locations":[{"start":{"line":29,"column":4},"end":{"line":31,"column":null}},{"start":{},"end":{}}],"line":29},"2":{"loc":{"start":{"line":35,"column":2},"end":{"line":37,"column":null}},"type":"if","locations":[{"start":{"line":35,"column":2},"end":{"line":37,"column":null}},{"start":{},"end":{}}],"line":35},"3":{"loc":{"start":{"line":44,"column":2},"end":{"line":46,"column":null}},"type":"if","locations":[{"start":{"line":44,"column":2},"end":{"line":46,"column":null}},{"start":{},"end":{}}],"line":44},"4":{"loc":{"start":{"line":84,"column":2},"end":{"line":86,"column":null}},"type":"if","locations":[{"start":{"line":84,"column":2},"end":{"line":86,"column":null}},{"start":{},"end":{}}],"line":84},"5":{"loc":{"start":{"line":102,"column":2},"end":{"line":104,"column":null}},"type":"if","locations":[{"start":{"line":102,"column":2},"end":{"line":104,"column":null}},{"start":{},"end":{}}],"line":102},"6":{"loc":{"start":{"line":111,"column":2},"end":{"line":113,"column":null}},"type":"if","locations":[{"start":{"line":111,"column":2},"end":{"line":113,"column":null}},{"start":{},"end":{}}],"line":111},"7":{"loc":{"start":{"line":150,"column":2},"end":{"line":152,"column":null}},"type":"if","locations":[{"start":{"line":150,"column":2},"end":{"line":152,"column":null}},{"start":{},"end":{}}],"line":150}},"s":{"0":0,"1":0,"2":0,"3":0,"4":0,"5":0,"6":0,"7":0,"8":0,"9":0,"10":0,"11":0,"12":0,"13":0,"14":0,"15":0,"16":0,"17":0,"18":0,"19":0,"20":0,"21":0,"22":0,"23":0,"24":0,"25":0,"26":0,"27":0,"28":0,"29":0,"30":0,"31":0,"32":0,"33":0,"34":0,"35":0,"36":0,"37":0,"38":0,"39":0,"40":0,"41":0,"42":0,"43":0,"44":0,"45":0,"46":0,"47":0,"48":0,"49":0,"50":0,"51":0,"52":0,"53":0,"54":0},"f":{"0":0,"1":0,"2":0,"3":0},"b":{"0":[0,0],"1":[0,0],"2":[0,0],"3":[0,0],"4":[0,0],"5":[0,0],"6":[0,0],"7":[0,0]},"meta":{"lastBranch":8,"lastFunction":4,"lastStatement":55,"seen":{"s:7:6:7:23":0,"s:10:0:74:Infinity":1,"f:10:34:10:41":0,"s:11:18:11:Infinity":2,"s:12:25:12:Infinity":3,"b:14:2:16:Infinity:undefined:undefined:undefined:undefined":0,"s:14:2:16:Infinity":4,"s:15:4:15:Infinity":5,"s:16:4:16:Infinity":6,"s:20:17:23:4":7,"s:26:18:26:80":8,"s:27:19:27:Infinity":9,"s:28:2:31:Infinity":10,"b:29:4:31:Infinity:undefined:undefined:undefined:undefined":1,"s:29:4:31:Infinity":11,"s:30:6:30:Infinity":12,"s:31:6:31:Infinity":13,"b:35:2:37:Infinity:undefined:undefined:undefined:undefined":2,"s:35:2:37:Infinity":14,"s:36:4:36:Infinity":15,"s:37:4:37:Infinity":16,"s:40:19:42:4":17,"b:44:2:46:Infinity:undefined:undefined:undefined:undefined":3,"s:44:2:46:Infinity":18,"s:45:4:45:Infinity":19,"s:46:4:46:Infinity":20,"s:50:14:55:4":21,"s:57:19:57:42":22,"s:65:2:71:Infinity":23,"s:73:2:73:Infinity":24,"s:76:0:76:Infinity":25,"s:79:0:96:Infinity":26,"f:79:34:79:41":1,"s:80:19:82:4":27,"b:84:2:86:Infinity:undefined:undefined:undefined:undefined":4,"s:84:2:86:Infinity":28,"s:85:4:85:Infinity":29,"s:86:4:86:Infinity":30,"s:89:15:93:4":31,"s:95:2:95:Infinity":32,"s:99:0:142:Infinity":33,"f:99:21:99:28":2,"s:100:25:100:Infinity":34,"b:102:2:104:Infinity:undefined:undefined:undefined:undefined":5,"s:102:2:104:Infinity":35,"s:103:4:103:Infinity":36,"s:104:4:104:Infinity":37,"s:107:19:109:4":38,"b:111:2:113:Infinity:undefined:undefined:undefined:undefined":6,"s:111:2:113:Infinity":39,"s:112:4:112:Infinity":40,"s:113:4:113:Infinity":41,"s:117:14:122:4":42,"s:125:19:125:42":43,"s:133:2:139:Infinity":44,"s:141:2:141:Infinity":45,"s:145:0:179:Infinity":46,"f:145:34:145:41":3,"s:146:19:148:4":47,"b:150:2:152:Infinity:undefined:undefined:undefined:undefined":7,"s:150:2:152:Infinity":48,"s:151:4:151:Infinity":49,"s:152:4:152:Infinity":50,"s:155:14:160:4":51,"s:162:19:162:42":52,"s:170:2:176:Infinity":53,"s:178:2:178:Infinity":54}}}
,"/home/crawd_user/project/ui-etl-tool/src/backend/routes/sources.ts": {"path":"/home/crawd_user/project/ui-etl-tool/src/backend/routes/sources.ts","statementMap":{"0":{"start":{"line":6,"column":6},"end":{"line":6,"column":23}},"1":{"start":{"line":7,"column":0},"end":{"line":7,"column":null}},"2":{"start":{"line":10,"column":2},"end":{"line":10,"column":null}},"3":{"start":{"line":10,"column":21},"end":{"line":10,"column":null}},"4":{"start":{"line":11,"column":16},"end":{"line":11,"column":55}},"5":{"start":{"line":12,"column":2},"end":{"line":17,"column":null}},"6":{"start":{"line":13,"column":4},"end":{"line":17,"column":null}},"7":{"start":{"line":14,"column":18},"end":{"line":14,"column":38}},"8":{"start":{"line":15,"column":6},"end":{"line":15,"column":null}},"9":{"start":{"line":17,"column":6},"end":{"line":17,"column":null}},"10":{"start":{"line":20,"column":2},"end":{"line":20,"column":null}},"11":{"start":{"line":24,"column":2},"end":{"line":24,"column":null}},"12":{"start":{"line":24,"column":27},"end":{"line":24,"column":null}},"13":{"start":{"line":25,"column":2},"end":{"line":25,"column":null}},"14":{"start":{"line":25,"column":49},"end":{"line":25,"column":null}},"15":{"start":{"line":26,"column":2},"end":{"line":26,"column":null}},"16":{"start":{"line":30,"column":0},"end":{"line":87,"column":null}},"17":{"start":{"line":31,"column":82},"end":{"line":31,"column":null}},"18":{"start":{"line":33,"column":2},"end":{"line":85,"column":null}},"19":{"start":{"line":34,"column":4},"end":{"line":81,"column":null}},"20":{"start":{"line":35,"column":6},"end":{"line":37,"column":null}},"21":{"start":{"line":36,"column":8},"end":{"line":36,"column":null}},"22":{"start":{"line":37,"column":8},"end":{"line":37,"column":null}},"23":{"start":{"line":40,"column":6},"end":{"line":58,"column":null}},"24":{"start":{"line":41,"column":25},"end":{"line":47,"column":10}},"25":{"start":{"line":48,"column":8},"end":{"line":48,"column":null}},"26":{"start":{"line":49,"column":17},"end":{"line":58,"column":null}},"27":{"start":{"line":50,"column":8},"end":{"line":54,"column":null}},"28":{"start":{"line":51,"column":10},"end":{"line":51,"column":null}},"29":{"start":{"line":53,"column":10},"end":{"line":53,"column":null}},"30":{"start":{"line":54,"column":10},"end":{"line":54,"column":null}},"31":{"start":{"line":57,"column":8},"end":{"line":57,"column":null}},"32":{"start":{"line":58,"column":8},"end":{"line":58,"column":null}},"33":{"start":{"line":61,"column":17},"end":{"line":61,"column":66}},"34":{"start":{"line":62,"column":6},"end":{"line":62,"column":null}},"35":{"start":{"line":64,"column":23},"end":{"line":64,"column":69}},"36":{"start":{"line":65,"column":21},"end":{"line":65,"column":70}},"37":{"start":{"line":66,"column":6},"end":{"line":66,"column":null}},"38":{"start":{"line":66,"column":67},"end":{"line":66,"column":104}},"39":{"start":{"line":66,"column":85},"end":{"line":66,"column":103}},"40":{"start":{"line":67,"column":15},"end":{"line":81,"column":null}},"41":{"start":{"line":68,"column":6},"end":{"line":70,"column":null}},"42":{"start":{"line":69,"column":8},"end":{"line":69,"column":null}},"43":{"start":{"line":70,"column":8},"end":{"line":70,"column":null}},"44":{"start":{"line":72,"column":12},"end":{"line":76,"column":8}},"45":{"start":{"line":77,"column":22},"end":{"line":77,"column":41}},"46":{"start":{"line":78,"column":21},"end":{"line":78,"column":70}},"47":{"start":{"line":79,"column":6},"end":{"line":79,"column":null}},"48":{"start":{"line":79,"column":42},"end":{"line":79,"column":79}},"49":{"start":{"line":79,"column":60},"end":{"line":79,"column":78}},"50":{"start":{"line":81,"column":6},"end":{"line":81,"column":null}},"51":{"start":{"line":84,"column":4},"end":{"line":84,"column":null}},"52":{"start":{"line":85,"column":4},"end":{"line":85,"column":null}}},"fnMap":{"0":{"name":"extractDataPath","decl":{"start":{"line":9,"column":9},"end":{"line":9,"column":25}},"loc":{"start":{"line":9,"column":71},"end":{"line":20,"column":null}},"line":9},"1":{"name":"normalizeToArray","decl":{"start":{"line":23,"column":9},"end":{"line":23,"column":26}},"loc":{"start":{"line":23,"column":68},"end":{"line":26,"column":null}},"line":23},"2":{"name":"(anonymous_2)","decl":{"start":{"line":30,"column":21},"end":{"line":30,"column":28}},"loc":{"start":{"line":30,"column":79},"end":{"line":87,"column":null}},"line":30},"3":{"name":"(anonymous_3)","decl":{"start":{"line":66,"column":31},"end":{"line":66,"column":36}},"loc":{"start":{"line":66,"column":67},"end":{"line":66,"column":104}},"line":66},"4":{"name":"(anonymous_4)","decl":{"start":{"line":66,"column":74},"end":{"line":66,"column":79}},"loc":{"start":{"line":66,"column":85},"end":{"line":66,"column":103}},"line":66},"5":{"name":"(anonymous_5)","decl":{"start":{"line":79,"column":31},"end":{"line":79,"column":36}},"loc":{"start":{"line":79,"column":42},"end":{"line":79,"column":79}},"line":79},"6":{"name":"(anonymous_6)","decl":{"start":{"line":79,"column":49},"end":{"line":79,"column":54}},"loc":{"start":{"line":79,"column":60},"end":{"line":79,"column":78}},"line":79}},"branchMap":{"0":{"loc":{"start":{"line":10,"column":2},"end":{"line":10,"column":null}},"type":"if","locations":[{"start":{"line":10,"column":2},"end":{"line":10,"column":null}},{"start":{},"end":{}}],"line":10},"1":{"loc":{"start":{"line":13,"column":4},"end":{"line":17,"column":null}},"type":"if","locations":[{"start":{"line":13,"column":4},"end":{"line":17,"column":null}},{"start":{"line":16,"column":11},"end":{"line":17,"column":null}}],"line":13},"2":{"loc":{"start":{"line":15,"column":14},"end":{"line":15,"column":59}},"type":"binary-expr","locations":[{"start":{"line":15,"column":14},"end":{"line":15,"column":57}},{"start":{"line":15,"column":57},"end":{"line":15,"column":59}}],"line":15},"3":{"loc":{"start":{"line":24,"column":2},"end":{"line":24,"column":null}},"type":"if","locations":[{"start":{"line":24,"column":2},"end":{"line":24,"column":null}},{"start":{},"end":{}}],"line":24},"4":{"loc":{"start":{"line":25,"column":2},"end":{"line":25,"column":null}},"type":"if","locations":[{"start":{"line":25,"column":2},"end":{"line":25,"column":null}},{"start":{},"end":{}}],"line":25},"5":{"loc":{"start":{"line":25,"column":6},"end":{"line":25,"column":49}},"type":"binary-expr","locations":[{"start":{"line":25,"column":6},"end":{"line":25,"column":34}},{"start":{"line":25,"column":34},"end":{"line":25,"column":49}}],"line":25},"6":{"loc":{"start":{"line":34,"column":4},"end":{"line":81,"column":null}},"type":"if","locations":[{"start":{"line":34,"column":4},"end":{"line":81,"column":null}},{"start":{"line":67,"column":15},"end":{"line":81,"column":null}}],"line":34},"7":{"loc":{"start":{"line":34,"column":8},"end":{"line":34,"column":43}},"type":"binary-expr","locations":[{"start":{"line":34,"column":8},"end":{"line":34,"column":26}},{"start":{"line":34,"column":26},"end":{"line":34,"column":43}}],"line":34},"8":{"loc":{"start":{"line":35,"column":6},"end":{"line":37,"column":null}},"type":"if","locations":[{"start":{"line":35,"column":6},"end":{"line":37,"column":null}},{"start":{},"end":{}}],"line":35},"9":{"loc":{"start":{"line":35,"column":10},"end":{"line":35,"column":29}},"type":"binary-expr","locations":[{"start":{"line":35,"column":10},"end":{"line":35,"column":18}},{"start":{"line":35,"column":18},"end":{"line":35,"column":29}}],"line":35},"10":{"loc":{"start":{"line":40,"column":6},"end":{"line":58,"column":null}},"type":"if","locations":[{"start":{"line":40,"column":6},"end":{"line":58,"column":null}},{"start":{"line":49,"column":17},"end":{"line":58,"column":null}}],"line":40},"11":{"loc":{"start":{"line":43,"column":18},"end":{"line":43,"column":null}},"type":"binary-expr","locations":[{"start":{"line":43,"column":18},"end":{"line":43,"column":28}},{"start":{"line":43,"column":28},"end":{"line":43,"column":null}}],"line":43},"12":{"loc":{"start":{"line":44,"column":19},"end":{"line":44,"column":32}},"type":"binary-expr","locations":[{"start":{"line":44,"column":19},"end":{"line":44,"column":30}},{"start":{"line":44,"column":30},"end":{"line":44,"column":32}}],"line":44},"13":{"loc":{"start":{"line":45,"column":18},"end":{"line":45,"column":30}},"type":"binary-expr","locations":[{"start":{"line":45,"column":18},"end":{"line":45,"column":28}},{"start":{"line":45,"column":28},"end":{"line":45,"column":30}}],"line":45},"14":{"loc":{"start":{"line":49,"column":17},"end":{"line":58,"column":null}},"type":"if","locations":[{"start":{"line":49,"column":17},"end":{"line":58,"column":null}},{"start":{"line":56,"column":13},"end":{"line":58,"column":null}}],"line":49},"15":{"loc":{"start":{"line":51,"column":25},"end":{"line":51,"column":null}},"type":"cond-expr","locations":[{"start":{"line":51,"column":56},"end":{"line":51,"column":76}},{"start":{"line":51,"column":79},"end":{"line":51,"column":null}}],"line":51},"16":{"loc":{"start":{"line":61,"column":47},"end":{"line":61,"column":66}},"type":"binary-expr","locations":[{"start":{"line":61,"column":47},"end":{"line":61,"column":63}},{"start":{"line":61,"column":63},"end":{"line":61,"column":66}}],"line":61},"17":{"loc":{"start":{"line":65,"column":21},"end":{"line":65,"column":70}},"type":"cond-expr","locations":[{"start":{"line":65,"column":42},"end":{"line":65,"column":65}},{"start":{"line":65,"column":68},"end":{"line":65,"column":70}}],"line":65},"18":{"loc":{"start":{"line":66,"column":92},"end":{"line":66,"column":103}},"type":"binary-expr","locations":[{"start":{"line":66,"column":92},"end":{"line":66,"column":100}},{"start":{"line":66,"column":100},"end":{"line":66,"column":103}}],"line":66},"19":{"loc":{"start":{"line":67,"column":15},"end":{"line":81,"column":null}},"type":"if","locations":[{"start":{"line":67,"column":15},"end":{"line":81,"column":null}},{"start":{"line":80,"column":11},"end":{"line":81,"column":null}}],"line":67},"20":{"loc":{"start":{"line":68,"column":6},"end":{"line":70,"column":null}},"type":"if","locations":[{"start":{"line":68,"column":6},"end":{"line":70,"column":null}},{"start":{},"end":{}}],"line":68},"21":{"loc":{"start":{"line":78,"column":21},"end":{"line":78,"column":70}},"type":"cond-expr","locations":[{"start":{"line":78,"column":42},"end":{"line":78,"column":65}},{"start":{"line":78,"column":68},"end":{"line":78,"column":70}}],"line":78},"22":{"loc":{"start":{"line":79,"column":67},"end":{"line":79,"column":78}},"type":"binary-expr","locations":[{"start":{"line":79,"column":67},"end":{"line":79,"column":75}},{"start":{"line":79,"column":75},"end":{"line":79,"column":78}}],"line":79},"23":{"loc":{"start":{"line":85,"column":35},"end":{"line":85,"column":87}},"type":"binary-expr","locations":[{"start":{"line":85,"column":35},"end":{"line":85,"column":61}},{"start":{"line":85,"column":61},"end":{"line":85,"column":87}}],"line":85}},"s":{"0":0,"1":0,"2":0,"3":0,"4":0,"5":0,"6":0,"7":0,"8":0,"9":0,"10":0,"11":0,"12":0,"13":0,"14":0,"15":0,"16":0,"17":0,"18":0,"19":0,"20":0,"21":0,"22":0,"23":0,"24":0,"25":0,"26":0,"27":0,"28":0,"29":0,"30":0,"31":0,"32":0,"33":0,"34":0,"35":0,"36":0,"37":0,"38":0,"39":0,"40":0,"41":0,"42":0,"43":0,"44":0,"45":0,"46":0,"47":0,"48":0,"49":0,"50":0,"51":0,"52":0},"f":{"0":0,"1":0,"2":0,"3":0,"4":0,"5":0,"6":0},"b":{"0":[0,0],"1":[0,0],"2":[0,0],"3":[0,0],"4":[0,0],"5":[0,0],"6":[0,0],"7":[0,0],"8":[0,0],"9":[0,0],"10":[0,0],"11":[0,0],"12":[0,0],"13":[0,0],"14":[0,0],"15":[0,0],"16":[0,0],"17":[0,0],"18":[0,0],"19":[0,0],"20":[0,0],"21":[0,0],"22":[0,0],"23":[0,0]},"meta":{"lastBranch":24,"lastFunction":7,"lastStatement":53,"seen":{"s:6:6:6:23":0,"s:7:0:7:Infinity":1,"f:9:9:9:25":0,"b:10:2:10:Infinity:undefined:undefined:undefined:undefined":0,"s:10:2:10:Infinity":2,"s:10:21:10:Infinity":3,"s:11:16:11:55":4,"s:12:2:17:Infinity":5,"b:13:4:17:Infinity:16:11:17:Infinity":1,"s:13:4:17:Infinity":6,"s:14:18:14:38":7,"s:15:6:15:Infinity":8,"b:15:14:15:57:15:57:15:59":2,"s:17:6:17:Infinity":9,"s:20:2:20:Infinity":10,"f:23:9:23:26":1,"b:24:2:24:Infinity:undefined:undefined:undefined:undefined":3,"s:24:2:24:Infinity":11,"s:24:27:24:Infinity":12,"b:25:2:25:Infinity:undefined:undefined:undefined:undefined":4,"s:25:2:25:Infinity":13,"b:25:6:25:34:25:34:25:49":5,"s:25:49:25:Infinity":14,"s:26:2:26:Infinity":15,"s:30:0:87:Infinity":16,"f:30:21:30:28":2,"s:31:82:31:Infinity":17,"s:33:2:85:Infinity":18,"b:34:4:81:Infinity:67:15:81:Infinity":6,"s:34:4:81:Infinity":19,"b:34:8:34:26:34:26:34:43":7,"b:35:6:37:Infinity:undefined:undefined:undefined:undefined":8,"s:35:6:37:Infinity":20,"b:35:10:35:18:35:18:35:29":9,"s:36:8:36:Infinity":21,"s:37:8:37:Infinity":22,"b:40:6:58:Infinity:49:17:58:Infinity":10,"s:40:6:58:Infinity":23,"s:41:25:47:10":24,"b:43:18:43:28:43:28:43:Infinity":11,"b:44:19:44:30:44:30:44:32":12,"b:45:18:45:28:45:28:45:30":13,"s:48:8:48:Infinity":25,"b:49:17:58:Infinity:56:13:58:Infinity":14,"s:49:17:58:Infinity":26,"s:50:8:54:Infinity":27,"s:51:10:51:Infinity":28,"b:51:56:51:76:51:79:51:Infinity":15,"s:53:10:53:Infinity":29,"s:54:10:54:Infinity":30,"s:57:8:57:Infinity":31,"s:58:8:58:Infinity":32,"s:61:17:61:66":33,"b:61:47:61:63:61:63:61:66":16,"s:62:6:62:Infinity":34,"s:64:23:64:69":35,"s:65:21:65:70":36,"b:65:42:65:65:65:68:65:70":17,"s:66:6:66:Infinity":37,"f:66:31:66:36":3,"s:66:67:66:104":38,"f:66:74:66:79":4,"s:66:85:66:103":39,"b:66:92:66:100:66:100:66:103":18,"b:67:15:81:Infinity:80:11:81:Infinity":19,"s:67:15:81:Infinity":40,"b:68:6:70:Infinity:undefined:undefined:undefined:undefined":20,"s:68:6:70:Infinity":41,"s:69:8:69:Infinity":42,"s:70:8:70:Infinity":43,"s:72:12:76:8":44,"s:77:22:77:41":45,"s:78:21:78:70":46,"b:78:42:78:65:78:68:78:70":21,"s:79:6:79:Infinity":47,"f:79:31:79:36":5,"s:79:42:79:79":48,"f:79:49:79:54":6,"s:79:60:79:78":49,"b:79:67:79:75:79:75:79:78":22,"s:81:6:81:Infinity":50,"s:84:4:84:Infinity":51,"s:85:4:85:Infinity":52,"b:85:35:85:61:85:61:85:87":23}}}
,"/home/crawd_user/project/ui-etl-tool/src/backend/routes/templates.ts": {"path":"/home/crawd_user/project/ui-etl-tool/src/backend/routes/templates.ts","statementMap":{"0":{"start":{"line":6,"column":15},"end":{"line":6,"column":33}},"1":{"start":{"line":7,"column":6},"end":{"line":7,"column":23}},"2":{"start":{"line":9,"column":23},"end":{"line":17,"column":2}},"3":{"start":{"line":20,"column":0},"end":{"line":36,"column":null}},"4":{"start":{"line":21,"column":2},"end":{"line":34,"column":null}},"5":{"start":{"line":22,"column":22},"end":{"line":30,"column":6}},"6":{"start":{"line":31,"column":4},"end":{"line":31,"column":null}},"7":{"start":{"line":33,"column":4},"end":{"line":33,"column":null}},"8":{"start":{"line":34,"column":4},"end":{"line":34,"column":null}},"9":{"start":{"line":39,"column":0},"end":{"line":55,"column":null}},"10":{"start":{"line":40,"column":2},"end":{"line":53,"column":null}},"11":{"start":{"line":41,"column":21},"end":{"line":43,"column":6}},"12":{"start":{"line":44,"column":4},"end":{"line":45,"column":null}},"13":{"start":{"line":45,"column":6},"end":{"line":45,"column":null}},"14":{"start":{"line":47,"column":4},"end":{"line":48,"column":null}},"15":{"start":{"line":48,"column":6},"end":{"line":48,"column":null}},"16":{"start":{"line":50,"column":4},"end":{"line":50,"column":null}},"17":{"start":{"line":52,"column":4},"end":{"line":52,"column":null}},"18":{"start":{"line":53,"column":4},"end":{"line":53,"column":null}},"19":{"start":{"line":58,"column":0},"end":{"line":88,"column":null}},"20":{"start":{"line":59,"column":2},"end":{"line":86,"column":null}},"21":{"start":{"line":60,"column":17},"end":{"line":60,"column":47}},"22":{"start":{"line":61,"column":21},"end":{"line":66,"column":6}},"23":{"start":{"line":69,"column":4},"end":{"line":78,"column":null}},"24":{"start":{"line":80,"column":4},"end":{"line":80,"column":null}},"25":{"start":{"line":82,"column":4},"end":{"line":83,"column":null}},"26":{"start":{"line":83,"column":6},"end":{"line":83,"column":null}},"27":{"start":{"line":85,"column":4},"end":{"line":85,"column":null}},"28":{"start":{"line":86,"column":4},"end":{"line":86,"column":null}},"29":{"start":{"line":91,"column":0},"end":{"line":116,"column":null}},"30":{"start":{"line":92,"column":2},"end":{"line":114,"column":null}},"31":{"start":{"line":93,"column":21},"end":{"line":95,"column":6}},"32":{"start":{"line":96,"column":4},"end":{"line":97,"column":null}},"33":{"start":{"line":97,"column":6},"end":{"line":97,"column":null}},"34":{"start":{"line":99,"column":4},"end":{"line":100,"column":null}},"35":{"start":{"line":100,"column":6},"end":{"line":100,"column":null}},"36":{"start":{"line":103,"column":17},"end":{"line":103,"column":57}},"37":{"start":{"line":104,"column":21},"end":{"line":107,"column":6}},"38":{"start":{"line":108,"column":4},"end":{"line":108,"column":null}},"39":{"start":{"line":110,"column":4},"end":{"line":111,"column":null}},"40":{"start":{"line":111,"column":6},"end":{"line":111,"column":null}},"41":{"start":{"line":113,"column":4},"end":{"line":113,"column":null}},"42":{"start":{"line":114,"column":4},"end":{"line":114,"column":null}},"43":{"start":{"line":119,"column":0},"end":{"line":152,"column":null}},"44":{"start":{"line":120,"column":2},"end":{"line":150,"column":null}},"45":{"start":{"line":121,"column":21},"end":{"line":123,"column":6}},"46":{"start":{"line":124,"column":4},"end":{"line":125,"column":null}},"47":{"start":{"line":125,"column":6},"end":{"line":125,"column":null}},"48":{"start":{"line":127,"column":4},"end":{"line":128,"column":null}},"49":{"start":{"line":128,"column":6},"end":{"line":128,"column":null}},"50":{"start":{"line":131,"column":4},"end":{"line":133,"column":null}},"51":{"start":{"line":136,"column":4},"end":{"line":145,"column":null}},"52":{"start":{"line":147,"column":4},"end":{"line":147,"column":null}},"53":{"start":{"line":149,"column":4},"end":{"line":149,"column":null}},"54":{"start":{"line":150,"column":4},"end":{"line":150,"column":null}},"55":{"start":{"line":155,"column":0},"end":{"line":203,"column":null}},"56":{"start":{"line":156,"column":2},"end":{"line":201,"column":null}},"57":{"start":{"line":157,"column":21},"end":{"line":159,"column":6}},"58":{"start":{"line":160,"column":4},"end":{"line":161,"column":null}},"59":{"start":{"line":161,"column":6},"end":{"line":161,"column":null}},"60":{"start":{"line":163,"column":4},"end":{"line":164,"column":null}},"61":{"start":{"line":164,"column":6},"end":{"line":164,"column":null}},"62":{"start":{"line":168,"column":4},"end":{"line":171,"column":null}},"63":{"start":{"line":174,"column":21},"end":{"line":184,"column":6}},"64":{"start":{"line":187,"column":4},"end":{"line":196,"column":null}},"65":{"start":{"line":198,"column":4},"end":{"line":198,"column":null}},"66":{"start":{"line":200,"column":4},"end":{"line":200,"column":null}},"67":{"start":{"line":201,"column":4},"end":{"line":201,"column":null}}},"fnMap":{"0":{"name":"(anonymous_0)","decl":{"start":{"line":20,"column":30},"end":{"line":20,"column":37}},"loc":{"start":{"line":20,"column":50},"end":{"line":36,"column":null}},"line":20},"1":{"name":"(anonymous_1)","decl":{"start":{"line":39,"column":33},"end":{"line":39,"column":40}},"loc":{"start":{"line":39,"column":53},"end":{"line":55,"column":null}},"line":39},"2":{"name":"(anonymous_2)","decl":{"start":{"line":58,"column":31},"end":{"line":58,"column":38}},"loc":{"start":{"line":58,"column":51},"end":{"line":88,"column":null}},"line":58},"3":{"name":"(anonymous_3)","decl":{"start":{"line":91,"column":33},"end":{"line":91,"column":40}},"loc":{"start":{"line":91,"column":53},"end":{"line":116,"column":null}},"line":91},"4":{"name":"(anonymous_4)","decl":{"start":{"line":119,"column":36},"end":{"line":119,"column":43}},"loc":{"start":{"line":119,"column":56},"end":{"line":152,"column":null}},"line":119},"5":{"name":"(anonymous_5)","decl":{"start":{"line":155,"column":46},"end":{"line":155,"column":53}},"loc":{"start":{"line":155,"column":66},"end":{"line":203,"column":null}},"line":155}},"branchMap":{"0":{"loc":{"start":{"line":44,"column":4},"end":{"line":45,"column":null}},"type":"if","locations":[{"start":{"line":44,"column":4},"end":{"line":45,"column":null}},{"start":{},"end":{}}],"line":44},"1":{"loc":{"start":{"line":47,"column":4},"end":{"line":48,"column":null}},"type":"if","locations":[{"start":{"line":47,"column":4},"end":{"line":48,"column":null}},{"start":{},"end":{}}],"line":47},"2":{"loc":{"start":{"line":47,"column":8},"end":{"line":47,"column":78}},"type":"binary-expr","locations":[{"start":{"line":47,"column":8},"end":{"line":47,"column":58}},{"start":{"line":47,"column":58},"end":{"line":47,"column":78}}],"line":47},"3":{"loc":{"start":{"line":82,"column":4},"end":{"line":83,"column":null}},"type":"if","locations":[{"start":{"line":82,"column":4},"end":{"line":83,"column":null}},{"start":{},"end":{}}],"line":82},"4":{"loc":{"start":{"line":96,"column":4},"end":{"line":97,"column":null}},"type":"if","locations":[{"start":{"line":96,"column":4},"end":{"line":97,"column":null}},{"start":{},"end":{}}],"line":96},"5":{"loc":{"start":{"line":99,"column":4},"end":{"line":100,"column":null}},"type":"if","locations":[{"start":{"line":99,"column":4},"end":{"line":100,"column":null}},{"start":{},"end":{}}],"line":99},"6":{"loc":{"start":{"line":110,"column":4},"end":{"line":111,"column":null}},"type":"if","locations":[{"start":{"line":110,"column":4},"end":{"line":111,"column":null}},{"start":{},"end":{}}],"line":110},"7":{"loc":{"start":{"line":124,"column":4},"end":{"line":125,"column":null}},"type":"if","locations":[{"start":{"line":124,"column":4},"end":{"line":125,"column":null}},{"start":{},"end":{}}],"line":124},"8":{"loc":{"start":{"line":127,"column":4},"end":{"line":128,"column":null}},"type":"if","locations":[{"start":{"line":127,"column":4},"end":{"line":128,"column":null}},{"start":{},"end":{}}],"line":127},"9":{"loc":{"start":{"line":160,"column":4},"end":{"line":161,"column":null}},"type":"if","locations":[{"start":{"line":160,"column":4},"end":{"line":161,"column":null}},{"start":{},"end":{}}],"line":160},"10":{"loc":{"start":{"line":163,"column":4},"end":{"line":164,"column":null}},"type":"if","locations":[{"start":{"line":163,"column":4},"end":{"line":164,"column":null}},{"start":{},"end":{}}],"line":163},"11":{"loc":{"start":{"line":163,"column":8},"end":{"line":163,"column":78}},"type":"binary-expr","locations":[{"start":{"line":163,"column":8},"end":{"line":163,"column":58}},{"start":{"line":163,"column":58},"end":{"line":163,"column":78}}],"line":163},"12":{"loc":{"start":{"line":176,"column":14},"end":{"line":176,"column":null}},"type":"binary-expr","locations":[{"start":{"line":176,"column":14},"end":{"line":176,"column":31}},{"start":{"line":176,"column":31},"end":{"line":176,"column":null}}],"line":176}},"s":{"0":0,"1":0,"2":0,"3":0,"4":0,"5":0,"6":0,"7":0,"8":0,"9":0,"10":0,"11":0,"12":0,"13":0,"14":0,"15":0,"16":0,"17":0,"18":0,"19":0,"20":0,"21":0,"22":0,"23":0,"24":0,"25":0,"26":0,"27":0,"28":0,"29":0,"30":0,"31":0,"32":0,"33":0,"34":0,"35":0,"36":0,"37":0,"38":0,"39":0,"40":0,"41":0,"42":0,"43":0,"44":0,"45":0,"46":0,"47":0,"48":0,"49":0,"50":0,"51":0,"52":0,"53":0,"54":0,"55":0,"56":0,"57":0,"58":0,"59":0,"60":0,"61":0,"62":0,"63":0,"64":0,"65":0,"66":0,"67":0},"f":{"0":0,"1":0,"2":0,"3":0,"4":0,"5":0},"b":{"0":[0,0],"1":[0,0],"2":[0,0],"3":[0,0],"4":[0,0],"5":[0,0],"6":[0,0],"7":[0,0],"8":[0,0],"9":[0,0],"10":[0,0],"11":[0,0],"12":[0,0]},"meta":{"lastBranch":13,"lastFunction":6,"lastStatement":68,"seen":{"s:6:15:6:33":0,"s:7:6:7:23":1,"s:9:23:17:2":2,"s:20:0:36:Infinity":3,"f:20:30:20:37":0,"s:21:2:34:Infinity":4,"s:22:22:30:6":5,"s:31:4:31:Infinity":6,"s:33:4:33:Infinity":7,"s:34:4:34:Infinity":8,"s:39:0:55:Infinity":9,"f:39:33:39:40":1,"s:40:2:53:Infinity":10,"s:41:21:43:6":11,"b:44:4:45:Infinity:undefined:undefined:undefined:undefined":0,"s:44:4:45:Infinity":12,"s:45:6:45:Infinity":13,"b:47:4:48:Infinity:undefined:undefined:undefined:undefined":1,"s:47:4:48:Infinity":14,"b:47:8:47:58:47:58:47:78":2,"s:48:6:48:Infinity":15,"s:50:4:50:Infinity":16,"s:52:4:52:Infinity":17,"s:53:4:53:Infinity":18,"s:58:0:88:Infinity":19,"f:58:31:58:38":2,"s:59:2:86:Infinity":20,"s:60:17:60:47":21,"s:61:21:66:6":22,"s:69:4:78:
[...]
,"/home/crawd_user/project/ui-etl-tool/src/frontend/store/pipelineStore.ts": {"path":"/home/crawd_user/project/ui-etl-tool/src/frontend/store/pipelineStore.ts","statementMap":{"0":{"start":{"line":27,"column":13},"end":{"line":57,"column":3}},"1":{"start":{"line":27,"column":64},"end":{"line":57,"column":3}},"2":{"start":{"line":32,"column":4},"end":{"line":32,"column":null}},"3":{"start":{"line":33,"column":4},"end":{"line":37,"column":null}},"4":{"start":{"line":34,"column":23},"end":{"line":34,"column":50}},"5":{"start":{"line":35,"column":6},"end":{"line":35,"column":null}},"6":{"start":{"line":37,"column":6},"end":{"line":37,"column":null}},"7":{"start":{"line":41,"column":21},"end":{"line":41,"column":63}},"8":{"start":{"line":42,"column":4},"end":{"line":42,"column":null}},"9":{"start":{"line":42,"column":20},"end":{"line":42,"column":61}},"10":{"start":{"line":43,"column":4},"end":{"line":43,"column":null}},"11":{"start":{"line":46,"column":21},"end":{"line":46,"column":68}},"12":{"start":{"line":47,"column":4},"end":{"line":49,"column":null}},"13":{"start":{"line":47,"column":20},"end":{"line":48,"column":null}},"14":{"start":{"line":48,"column":45},"end":{"line":48,"column":69}},"15":{"start":{"line":52,"column":4},"end":{"line":52,"column":null}},"16":{"start":{"line":53,"column":4},"end":{"line":55,"column":null}},"17":{"start":{"line":53,"column":20},"end":{"line":54,"column":null}},"18":{"start":{"line":54,"column":47},"end":{"line":54,"column":59}}},"fnMap":{"0":{"name":"(anonymous_0)","decl":{"start":{"line":27,"column":32},"end":{"line":27,"column":55}},"loc":{"start":{"line":27,"column":64},"end":{"line":57,"column":3}},"line":27},"1":{"name":"(anonymous_1)","decl":{"start":{"line":31,"column":18},"end":{"line":31,"column":30}},"loc":{"start":{"line":31,"column":30},"end":{"line":37,"column":null}},"line":31},"2":{"name":"(anonymous_2)","decl":{"start":{"line":40,"column":18},"end":{"line":40,"column":25}},"loc":{"start":{"line":40,"column":42},"end":{"line":43,"column":null}},"line":40},"3":{"name":"(anonymous_3)","decl":{"start":{"line":42,"column":4},"end":{"line":42,"column":9}},"loc":{"start":{"line":42,"column":20},"end":{"line":42,"column":61}},"line":42},"4":{"name":"(anonymous_4)","decl":{"start":{"line":45,"column":18},"end":{"line":45,"column":25}},"loc":{"start":{"line":45,"column":46},"end":{"line":49,"column":null}},"line":45},"5":{"name":"(anonymous_5)","decl":{"start":{"line":47,"column":4},"end":{"line":47,"column":9}},"loc":{"start":{"line":47,"column":20},"end":{"line":48,"column":null}},"line":47},"6":{"name":"(anonymous_6)","decl":{"start":{"line":48,"column":33},"end":{"line":48,"column":38}},"loc":{"start":{"line":48,"column":45},"end":{"line":48,"column":69}},"line":48},"7":{"name":"(anonymous_7)","decl":{"start":{"line":51,"column":18},"end":{"line":51,"column":25}},"loc":{"start":{"line":51,"column":32},"end":{"line":55,"column":null}},"line":51},"8":{"name":"(anonymous_8)","decl":{"start":{"line":53,"column":4},"end":{"line":53,"column":9}},"loc":{"start":{"line":53,"column":20},"end":{"line":54,"column":null}},"line":53},"9":{"name":"(anonymous_9)","decl":{"start":{"line":54,"column":33},"end":{"line":54,"column":41}},"loc":{"start":{"line":54,"column":47},"end":{"line":54,"column":59}},"line":54}},"branchMap":{"0":{"loc":{"start":{"line":37,"column":20},"end":{"line":37,"column":90}},"type":"binary-expr","locations":[{"start":{"line":37,"column":20},"end":{"line":37,"column":61}},{"start":{"line":37,"column":61},"end":{"line":37,"column":90}}],"line":37},"1":{"loc":{"start":{"line":48,"column":45},"end":{"line":48,"column":69}},"type":"cond-expr","locations":[{"start":{"line":48,"column":59},"end":{"line":48,"column":66}},{"start":{"line":48,"column":66},"end":{"line":48,"column":69}}],"line":48}},"s":{"0":1,"1":1,"2":3,"3":3,"4":3,"5":2,"6":1,"7":1,"8":1,"9":1,"10":1,"11":1,"12":1,"13":1,"14":1,"15":1,"16":1,"17":1,"18":2},"f":{"0":1,"1":3,"2":1,"3":1,"4":1,"5":1,"6":1,"7":1,"8":1,"9":2},"b":{"0":[1,0],"1":[1,0]},"meta":{"lastBranch":2,"lastFunction":10,"lastStatement":19,"seen":{"s:27:13:57:3":0,"f:27:32:27:55":0,"s:27:64:57:3":1,"f:31:18:31:30":1,"s:32:4:32:Infinity":2,"s:33:4:37:Infinity":3,"s:34:23:34:50":4,"s:35:6:35:Infinity":5,"s:37:6:37:Infinity":6,"b:37:20:37:61:37:61:37:90":0,"f:40:18:40:25":2,"s:41:21:41:63":7,"s:42:4:42:Infinity":8,"f:42:4:42:9":3,"s:42:20:42:61":9,"s:43:4:43:Infinity":10,"f:45:18:45:25":4,"s:46:21:46:68":11,"s:47:4:49:Infinity":12,"f:47:4:47:9":5,"s:47:20:48:Infinity":13,"f:48:33:48:38":6,"s:48:45:48:69":14,"b:48:59:48:66:48:66:48:69":1,"f:51:18:51:25":7,"s:52:4:52:Infinity":15,"s:53:4:55:Infinity":16,"f:53:4:53:9":8,"s:53:20:54:Infinity":17,"f:54:33:54:41":9,"s:54:47:54:59":18}}}
,"/home/crawd_user/project/ui-etl-tool/src/frontend/utils/transformUtils.ts": {"path":"/home/crawd_user/project/ui-etl-tool/src/frontend/utils/transformUtils.ts","statementMap":{"0":{"start":{"line":23,"column":51},"end":{"line":23,"column":null}},"1":{"start":{"line":24,"column":2},"end":{"line":24,"column":null}},"2":{"start":{"line":24,"column":40},"end":{"line":24,"column":null}},"3":{"start":{"line":27,"column":18},"end":{"line":31,"column":null}},"4":{"start":{"line":28,"column":40},"end":{"line":28,"column":42}},"5":{"start":{"line":29,"column":4},"end":{"line":29,"column":null}},"6":{"start":{"line":29,"column":31},"end":{"line":29,"column":55}},"7":{"start":{"line":30,"column":4},"end":{"line":30,"column":null}},"8":{"start":{"line":34,"column":17},"end":{"line":34,"column":null}},"9":{"start":{"line":35,"column":2},"end":{"line":48,"column":null}},"10":{"start":{"line":36,"column":4},"end":{"line":48,"column":null}},"11":{"start":{"line":37,"column":18},"end":{"line":37,"column":null}},"12":{"start":{"line":38,"column":6},"end":{"line":46,"column":null}},"13":{"start":{"line":39,"column":19},"end":{"line":39,"column":null}},"14":{"start":{"line":40,"column":20},"end":{"line":40,"column":null}},"15":{"start":{"line":41,"column":25},"end":{"line":41,"column":null}},"16":{"start":{"line":42,"column":19},"end":{"line":42,"column":null}},"17":{"start":{"line":43,"column":19},"end":{"line":43,"column":null}},"18":{"start":{"line":44,"column":20},"end":{"line":44,"column":null}},"19":{"start":{"line":45,"column":20},"end":{"line":45,"column":null}},"20":{"start":{"line":46,"column":17},"end":{"line":46,"column":null}},"21":{"start":{"line":52,"column":2},"end":{"line":58,"column":null}},"22":{"start":{"line":53,"column":4},"end":{"line":58,"column":null}},"23":{"start":{"line":54,"column":19},"end":{"line":54,"column":null}},"24":{"start":{"line":55,"column":19},"end":{"line":55,"column":null}},"25":{"start":{"line":56,"column":18},"end":{"line":56,"column":null}},"26":{"start":{"line":57,"column":6},"end":{"line":57,"column":null}},"27":{"start":{"line":62,"column":22},"end":{"line":62,"column":52}},"28":{"start":{"line":62,"column":40},"end":{"line":62,"column":52}},"29":{"start":{"line":63,"column":17},"end":{"line":81,"column":null}},"30":{"start":{"line":64,"column":4},"end":{"line":80,"column":null}},"31":{"start":{"line":65,"column":24},"end":{"line":65,"column":null}},"32":{"start":{"line":66,"column":6},"end":{"line":77,"column":null}},"33":{"start":{"line":67,"column":21},"end":{"line":67,"column":39}},"34":{"start":{"line":67,"column":39},"end":{"line":67,"column":null}},"35":{"start":{"line":68,"column":26},"end":{"line":68,"column":51}},"36":{"start":{"line":68,"column":51},"end":{"line":68,"column":null}},"37":{"start":{"line":69,"column":26},"end":{"line":69,"column":51}},"38":{"start":{"line":69,"column":51},"end":{"line":69,"column":null}},"39":{"start":{"line":70,"column":24},"end":{"line":70,"column":61}},"40":{"start":{"line":70,"column":61},"end":{"line":70,"column":null}},"41":{"start":{"line":71,"column":21},"end":{"line":71,"column":32}},"42":{"start":{"line":71,"column":32},"end":{"line":71,"column":null}},"43":{"start":{"line":73,"column":25},"end":{"line":73,"column":null}},"44":{"start":{"line":74,"column":10},"end":{"line":74,"column":null}},"45":{"start":{"line":75,"column":10},"end":{"line":75,"column":null}},"46":{"start":{"line":77,"column":17},"end":{"line":77,"column":null}},"47":{"start":{"line":79,"column":6},"end":{"line":79,"column":null}},"48":{"start":{"line":83,"column":2},"end":{"line":83,"column":null}}},"fnMap":{"0":{"name":"applyTransform","decl":{"start":{"line":22,"column":16},"end":{"line":22,"column":31}},"loc":{"start":{"line":22,"column":95},"end":{"line":83,"column":null}},"line":22},"1":{"name":"(anonymous_1)","decl":{"start":{"line":27,"column":23},"end":{"line":27,"column":27}},"loc":{"start":{"line":27,"column":34},"end":{"line":31,"column":null}},"line":27},"2":{"name":"(anonymous_2)","decl":{"start":{"line":29,"column":11},"end":{"line":29,"column":20}},"loc":{"start":{"line":29,"column":29},"end":{"line":29,"column":null}},"line":29},"3":{"name":"(anonymous_3)","decl":{"start":{"line":36,"column":23},"end":{"line":36,"column":30}},"loc":{"start":{"line":36,"column":37},"end":{"line":48,"column":null}},"line":36},"4":{"name":"(anonymous_4)","decl":{"start":{"line":53,"column":29},"end":{"line":53,"column":35}},"loc":{"start":{"line":53,"column":44},"end":{"line":58,"column":null}},"line":53},"5":{"name":"(anonymous_5)","decl":{"start":{"line":62,"column":31},"end":{"line":62,"column":35}},"loc":{"start":{"line":62,"column":40},"end":{"line":62,"column":52}},"line":62},"6":{"name":"(anonymous_6)","decl":{"start":{"line":63,"column":26},"end":{"line":63,"column":30}},"loc":{"start":{"line":63,"column":37},"end":{"line":81,"column":null}},"line":63},"7":{"name":"(anonymous_7)","decl":{"start":{"line":64,"column":20},"end":{"line":64,"column":24}},"loc":{"start":{"line":64,"column":29},"end":{"line":80,"column":null}},"line":64}},"branchMap":{"0":{"loc":{"start":{"line":24,"column":2},"end":{"line":24,"column":null}},"type":"if","locations":[{"start":{"line":24,"column":2},"end":{"line":24,"column":null}},{"start":{},"end":{}}],"line":24},"1":{"loc":{"start":{"line":24,"column":6},"end":{"line":24,"column":40}},"type":"binary-expr","locations":[{"start":{"line":24,"column":6},"end":{"line":24,"column":22}},{"start":{"line":24,"column":22},"end":{"line":24,"column":40}}],"line":24},"2":{"loc":{"start":{"line":29,"column":40},"end":{"line":29,"column":55}},"type":"binary-expr","locations":[{"start":{"line":29,"column":40},"end":{"line":29,"column":50}},{"start":{"line":29,"column":50},"end":{"line":29,"column":55}}],"line":29},"3":{"loc":{"start":{"line":35,"column":2},"end":{"line":48,"column":null}},"type":"if","locations":[{"start":{"line":35,"column":2},"end":{"line":48,"column":null}},{"start":{},"end":{}}],"line":35},"4":{"loc":{"start":{"line":35,"column":6},"end":{"line":35,"column":30}},"type":"binary-expr","locations":[{"start":{"line":35,"column":6},"end":{"line":35,"column":16}},{"start":{"line":35,"column":16},"end":{"line":35,"column":30}}],"line":35},"5":{"loc":{"start":{"line":37,"column":18},"end":{"line":37,"column":null}},"type":"binary-expr","locations":[{"start":{"line":37,"column":18},"end":{"line":37,"column":39}},{"start":{"line":37,"column":39},"end":{"line":37,"column":null}}],"line":37},"6":{"loc":{"start":{"line":38,"column":6},"end":{"line":46,"column":null}},"type":"switch","locations":[{"start":{"line":39,"column":8},"end":{"line":39,"column":null}},{"start":{"line":40,"column":8},"end":{"line":40,"column":null}},{"start":{"line":41,"column":8},"end":{"line":41,"column":null}},{"start":{"line":42,"column":8},"end":{"line":42,"column":null}},{"start":{"line":43,"column":8},"end":{"line":43,"column":null}},{"start":{"line":44,"column":8},"end":{"line":44,"column":null}},{"start":{"line":45,"column":8},"end":{"line":45,"column":null}},{"start":{"line":46,"column":8},"end":{"line":46,"column":null}}],"line":38},"7":{"loc":{"start":{"line":42,"column":26},"end":{"line":42,"column":null}},"type":"binary-expr","locations":[{"start":{"line":42,"column":26},"end":{"line":42,"column":38}},{"start":{"line":42,"column":42},"end":{"line":42,"column":null}}],"line":42},"8":{"loc":{"start":{"line":43,"column":26},"end":{"line":43,"column":null}},"type":"binary-expr","locations":[{"start":{"line":43,"column":26},"end":{"line":43,"column":38}},{"start":{"line":43,"column":42},"end":{"line":43,"column":null}}],"line":43},"9":{"loc":{"start":{"line":44,"column":27},"end":{"line":44,"column":null}},"type":"binary-expr","locations":[{"start":{"line":44,"column":27},"end":{"line":44,"column":39}},{"start":{"line":44,"column":43},"end":{"line":44,"column":null}}],"line":44},"10":{"loc":{"start":{"line":45,"column":27},"end":{"line":45,"column":null}},"type":"binary-expr","locations":[{"start":{"line":45,"column":27},"end":{"line":45,"column":39}},{"start":{"line":45,"column":43},"end":{"line":45,"column":null}}],"line":45},"11":{"loc":{"start":{"line":52,"column":2},"end":{"line":58,"column":null}},"type":"if","locations":[{"start":{"line":52,"column":2},"end":{"line":58,"column":null}},{"start":{},"end":{}}],"line":52},"12":{"loc":{"start":{"line":52,"column":6},"end":{"line":52,"column":26}},"type":"binary-expr","locations":[{"start":{"line":52,"column":6},"end":{"line":52,"column":14}},{"start":{"line":52,"column":14},"end":{"line":52,"column":26}}],"line":52},"13":{"loc":{"start":{"line":54,"column":19},"end":{"line":54,"column":null}},"type":"binary-expr","locations":[{"start":{"line":54,"column":19},"end":{"line":54,"column":36}},{"start":{"line":54,"column":36},"end":{"line":54,"column":null}}],"line":54},"14":{"loc":{"start":{"line":55,"column":19},"end":{"line":55,"column":null}},"type":"binary-expr","locations":[{"start":{"line":55,"column":19},"end":{"line":55,"column":36}},{"start":{"line":55,"column":36},"end":{"line":55,"column":null}}],"line":55},"15":{"loc":{"start":{"line":56,"column":18},"end":{"line":56,"column":null}},"type":"cond-expr","locations":[{"start":{"line":56,"column":49},"end":{"line":56,"column":73}},{"start":{"line":56,"column":76},"end":{"line":56,"column":null}}],"line":56},"16":{"loc":{"start":{"line":56,"column":18},"end":{"line":56,"column":46}},"type":"binary-expr","locations":[{"start":{"line":56,"column":18},"end":{"line":56,"column":30}},{"start":{"line":56,"column":34},"end":{"line":56,"column":46}}],"line":56},"17":{"loc":{"start":{"line":57,"column":13},"end":{"line":57,"column":null}},"type":"cond-expr","locations":[{"start":{"line":57,"column":34},"end":{"line":57,"column":40}},{"start":{"line":57,"column":40},"end":{"line":57,"column":null}}],"line":57},"18":{"loc":{"start":{"line":65,"column":24},"end":{"line":65,"column":null}},"type":"binary-expr","locations":[{"start":{"line":65,"column":24},"end":{"line":65,"column":46}},{"start":{"line":65,"column":46},"end":{"line":65,"column":null}}],"line":65},"19":{"loc":{"start":{"line":66,"column":6},"end":{"line":77,"column":null}},"type":"switch","locations":[{"start":{"line":67,"column":8},"end":{"line":67,"column":null}},{"start":{"line":68,"column":8},"end":{"line":68,"column":null}},{"start":{"line":69,"column":8},"end":{"line":69,"column":null}},{"start":{"line":70,"column":8},"end":{"line":70,"column":null}},{"start":{"line":71,"column":8},"end":{"line":71,"column":null}},{"start":{"line":72,"column":8},"end":{"line":75,"column":null}},{"start":{"line":77,"column":8},"end":{"line":77,"column":null}}],"line":66},"20":{"loc":{"start":{"line":70,"column":37},"end":{"line":70,"column":59}},"type":"binary-expr","locations":[{"start":{"line":70,"column":37},"end":{"line":70,"column":53}},{"start":{"line":70,"column":57},"end":{"line":70,"column":59}}],"line":70},"21":{"loc":{"start":{"line":74,"column":17},"end":{"line":74,"column":41}},"type":"binary-expr","locations":[{"start":{"line":74,"column":17},"end":{"line":74,"column":35}},{"start":{"line":74,"column":35},"end":{"line":74,"column":41}}],"line":74},"22":{"loc":{"start":{"line":74,"column":48},"end":{"line":74,"column":null}},"type":"binary-expr","locations":[{"start":{"line":74,"column":48},"end":{"line":74,"column":66}},{"start":{"line":74,"column":66},"end":{"line":74,"column":null}}],"line":74}},"s":{"0":21,"1":21,"2":2,"3":19,"4":47,"5":47,"6":92,"7":47,"8":19,"9":19,"10":8,"11":26,"12":26,"13":3,"14":8,"15":3,"16":3,"17":3,"18":3,"19":3,"20":0,"21":19,"22":4,"23":18,"24":18,"25":18,"26":18,"27":19,"28":29,"29":19,"30":37,"31":59,"32":59,"33":1,"34":1,"35":2,"36":2,"37":2,"38":2,"39":8,"40":8,"41":1,"42":1,"43":1,"44":1,"45":1,"46":44,"47":59,"48":19},"f":{"0":21,"1":47,"2":92,"3":26,"4":18,"5":29,"6":37,"7":59},"b":{"0":[2,19],"1":[21,20],"2":[92,0],"3":[8,11],"4":[19,8],"5":[26,0],"6":[3,8,3,3,3,3,3,0],"7":[3,3],"8":[3,3],"9":[3,3],"10":[3,3],"11":[4,15],"12":[19,4],"13":[18,0],"14":[18,0],"15":[8,10],"16":[18,10],"17":[8,10],"18":[59,1],"19":[1,2,2,8,1,1,44],"20":[8,1],"21":[1,0],"22":[1,0]},"meta":{"lastBranch":23,"lastFunction":8,"lastStatement":49,"seen":{"f:22:16:22:31":0,"s:23:51:23:Infinity":0,"b:24:2:24:Infinity:undefined:undefined:undefined:undefined":0,"s:24:2:24:Infinity":1,"b:24:6:24:22:24:22:24:40":1,"s:24:40:24:Infinity":2,"s:27:18:31:Infinity":3,"f:27:23:27:27":1,"s:28:40:28:42":4,"s:29:4:29:Infinity":5,"f:29:11:29:20":2,"s:29:31:29:55":6,"b:29:40:29:50:29:50:29:55":2,"s:30:4:30:Infinity":7,"s:34:17:34:Infinity":8,"b:35:2:48:Infinity:undefined:undefined:undefined:undefined":3,"s:35:2:48:Infinity":9,"b:35:6:35:16:35:16:35:30":4,"s:36:4:48:Infinity":10,"f:36:23:36:30":3,"s:37:18:37:Infinity":11,"b:37:18:37:39:37:39:37:Infinity":5,"b:39:8:39:Infinity:40:8:40:Infinity:41:8:41:Infinity:42:8:42:Infinity:43:8:43:Infinity:44:8:44:Infinity:45:8:45:Infinity:46:8:46:Infinity":6,"s:38:6:46:Infinity":12,"s:39:19:39:Infinity":13,"s:40:20:40:Infinity":14,"s:41:25:41:Infinity":15,"s:42:19:42:Infinity":16,"b:42:26:42:38:42:42:42:Infinity":7,"s:43:19:43:Infinity":17,"b:43:26:43:38:43:42:43:Infinity":8,"s:44:20:44:Infinity":18,"b:44:27:44:39:44:43:44:Infinity":9,"s:45:20:45:Infinity":19,"b:45:27:45:39:45:43:45:Infinity":10,"s:46:17:46:Infinity":20,"b:52:2:58:Infinity:undefined:undefined:undefined:undefined":11,"s:52:2:58:Infinity":21,"b:52:6:52:14:52:14:52:26":12,"s:53:4:58:Infinity":22,"f:53:29:53:35":4,"s:54:19:54:Infinity":23,"b:54:19:54:36:54:36:54:Infinity":13,"s:55:19:55:Infinity":24,"b:55:19:55:36:55:36:55:Infinity":14,"s:56:18:56:Infinity":25,"b:56:49:56:73:56:76:56:Infinity":15,"b:56:18:56:30:56:34:56:46":16,"s:57:6:57:Infinity":26,"b:57:34:57:40:57:40:57:Infinity":17,"s:62:22:62:52":27,"f:62:31:62:35":5,"s:62:40:62:52":28,"s:63:17:81:Infinity":29,"f:63:26:63:30":6,"s:64:4:80:Infinity":30,"f:64:20:64:24":7,"s:65:24:65:Infinity":31,"b:65:24:65:46:65:46:65:Infinity":18,"b:67:8:67:Infinity:68:8:68:Infinity:69:8:69:Infinity:70:8:70:Infinity:71:8:71:Infinity:72:8:75:Infinity:77:8:77:Infinity":19,"s:66:6:77:Infinity":32,"s:67:21:67:39":33,"s:67:39:67:Infinity":34,"s:68:26:68:51":35,"s:68:51:68:Infinity":36,"s:69:26:69:51":37,"s:69:51:69:Infinity":38,"s:70:24:70:61":39,"b:70:37:70:53:70:57:70:59":20,"s:70:61:70:Infinity":40,"s:71:21:71:32":41,"s:71:32:71:Infinity":42,"s:73:25:73:Infinity":43,"s:74:10:74:Infinity":44,"b:74:17:74:35:74:35:74:41":21,"b:74:48:74:66:74:66:74:Infinity":22,"s:75:10:75:Infinity":45,"s:77:17:77:Infinity":46,"s:79:6:79:Infinity":47,"s:83:2:83:Infinity":48}}}
}
